1540843903410	geckodriver	INFO	geckodriver 0.21.0
1540843903425	geckodriver	INFO	Listening on 127.0.0.1:55963
1540843904431	mozrunner::runner	INFO	Running command: "/usr/bin/firefox" "-marionette" "-foreground" "-no-remote" "-profile" "/tmp/rust_mozprofile.CP4BeKqNOLVR"
1540843904915	Marionette	DEBUG	Received observer notification profile-after-change
1540843904996	Marionette	DEBUG	Received observer notification command-line-startup
1540843904996	Marionette	DEBUG	Received observer notification nsPref:changed
1540843904996	Marionette	DEBUG	Init aborted (running=false, enabled=true, finalUIStartup=false)
1540843905213	Marionette	DEBUG	Received observer notification toplevel-window-ready
1540843905735	Marionette	DEBUG	Received observer notification sessionstore-windows-restored
1540843905735	Marionette	DEBUG	Waiting for delayed startup...
1540843905804	Marionette	DEBUG	Setting recommended pref app.update.disabledForTesting to true
1540843905804	Marionette	DEBUG	Setting recommended pref security.turn_off_all_security_so_that_viruses_can_take_over_this_computer to true
1540843905804	Marionette	DEBUG	Setting recommended pref apz.content_response_timeout to 60000
1540843905805	Marionette	DEBUG	Setting recommended pref browser.download.panel.shown to true
1540843905805	Marionette	DEBUG	Setting recommended pref browser.pagethumbnails.capturing_disabled to true
1540843905805	Marionette	DEBUG	Setting recommended pref browser.search.update to false
1540843905805	Marionette	DEBUG	Setting recommended pref toolkit.cosmeticAnimations.enabled to false
1540843905805	Marionette	DEBUG	Setting recommended pref browser.tabs.disableBackgroundZombification to false
1540843905805	Marionette	DEBUG	Setting recommended pref browser.tabs.warnOnCloseOtherTabs to false
1540843905806	Marionette	DEBUG	Setting recommended pref browser.tabs.warnOnOpen to false
1540843905806	Marionette	DEBUG	Setting recommended pref browser.usedOnWindows10.introURL to 
1540843905806	Marionette	DEBUG	Setting recommended pref browser.urlbar.suggest.searches to false
1540843905806	Marionette	DEBUG	Setting recommended pref datareporting.policy.dataSubmissionPolicyAccepted to false
1540843905806	Marionette	DEBUG	Setting recommended pref dom.disable_beforeunload to true
1540843905806	Marionette	DEBUG	Setting recommended pref dom.disable_open_during_load to false
1540843905806	Marionette	DEBUG	Setting recommended pref dom.file.createInChild to true
1540843905806	Marionette	DEBUG	Setting recommended pref dom.max_chrome_script_run_time to 0
1540843905806	Marionette	DEBUG	Setting recommended pref dom.max_script_run_time to 0
1540843905806	Marionette	DEBUG	Setting recommended pref extensions.getAddons.cache.enabled to false
1540843905807	Marionette	DEBUG	Setting recommended pref extensions.webservice.discoverURL to http://%(server)s/dummy/discoveryURL
1540843905807	Marionette	DEBUG	Setting recommended pref network.http.prompt-temp-redirect to false
1540843905807	Marionette	DEBUG	Setting recommended pref network.http.speculative-parallel-limit to 0
1540843905807	Marionette	DEBUG	Setting recommended pref security.fileuri.strict_origin_policy to false
1540843905807	Marionette	DEBUG	Setting recommended pref security.notification_enable_delay to 0
1540843905807	Marionette	DEBUG	Setting recommended pref signon.autofillForms to false
1540843905807	Marionette	DEBUG	Setting recommended pref signon.rememberSignons to false
1540843905843	Marionette	INFO	Listening on port 38393
1540843905843	Marionette	DEBUG	Remote service is active
1540843905939	Marionette	DEBUG	Accepted connection 0 from 127.0.0.1:58930
1540843905941	Marionette	TRACE	0 -> [0,1,"WebDriver:NewSession",{"acceptInsecureCerts":true,"browserName":"firefox","capabilities":{"desiredCapabilities":{"acceptInsecureCerts":true,"browserName":"firefox"}}}]
1540843905941	Marionette	WARN	TLS certificate errors will be ignored for this session
1540843905977	Marionette	DEBUG	[4294967297] Frame script loaded
1540843905978	Marionette	DEBUG	[4294967297] Frame script registered
1540843905981	Marionette	TRACE	0 <- [1,1,null,{"sessionId":"e676653d-b514-403c-976b-b801de2a2a60","capabilities":{"browserName":"firefox","browserVersion":"63.0" ... alse,"moz:webdriverClick":true,"capabilities":{"desiredCapabilities":{"acceptInsecureCerts":true,"browserName":"firefox"}}}}]
1540843935039	Marionette	TRACE	0 -> [0,2,"WebDriver:Navigate",{"url":"http://www.google.com"}]
1540843935086	Marionette	DEBUG	[4294967297] Received DOM event beforeunload for about:blank
1540843935540	Marionette	DEBUG	[4294967297] Received DOM event pagehide for about:blank
1540843935619	Marionette	DEBUG	[4294967297] Received DOM event DOMContentLoaded for https://www.google.com/?gws_rd=ssl
1540843936303	Marionette	DEBUG	[4294967297] Received DOM event pageshow for https://www.google.com/?gws_rd=ssl
1540843936304	Marionette	TRACE	0 <- [1,2,null,{"value":null}]
1540843947699	Marionette	TRACE	0 -> [0,3,"WebDriver:GetTitle",{}]
1540843947700	Marionette	TRACE	0 <- [1,3,null,{"value":"Google"}]
1540843979553	Marionette	TRACE	0 -> [0,4,"WebDriver:Navigate",{"url":"http://www.prescottbreeden.com"}]
1540843979569	Marionette	DEBUG	[4294967297] Received DOM event beforeunload for https://www.google.com/?gws_rd=ssl
1540843979716	Marionette	DEBUG	[4294967297] Received DOM event pagehide for https://www.google.com/?gws_rd=ssl
1540843979733	Marionette	DEBUG	[4294967297] Received DOM event unload for https://www.google.com/?gws_rd=ssl
1540843980280	Marionette	DEBUG	[4294967297] Received DOM event DOMContentLoaded for http://www.prescottbreeden.com/
1540843980509	Marionette	DEBUG	[4294967297] Received DOM event pageshow for http://www.prescottbreeden.com/
1540843980509	Marionette	TRACE	0 <- [1,4,null,{"value":null}]
1540843983754	Marionette	TRACE	0 -> [0,5,"WebDriver:GetTitle",{}]
1540843983756	Marionette	TRACE	0 <- [1,5,null,{"value":"Prescott Breeden | Software Developer"}]
1540844738372	Marionette	TRACE	0 -> [0,6,"WebDriver:Navigate",{"url":"http://www.google.com"}]
1540844738391	Marionette	DEBUG	[4294967297] Received DOM event beforeunload for http://www.prescottbreeden.com/
1540844738638	Marionette	DEBUG	[4294967297] Received DOM event pagehide for http://www.prescottbreeden.com/
1540844738712	Marionette	DEBUG	[4294967297] Received DOM event DOMContentLoaded for https://www.google.com/
1540844738865	Marionette	DEBUG	[4294967297] Received DOM event pageshow for https://www.google.com/
1540844738866	Marionette	TRACE	0 <- [1,6,null,{"value":null}]
1540844754719	Marionette	TRACE	0 -> [0,7,"WebDriver:CloseWindow",{}]
1540844754720	Marionette	TRACE	0 <- [1,7,null,[]]
1540844754723	Marionette	TRACE	0 -> [0,8,"Marionette:Quit",{"flags":["eForceQuit"]}]
1540844754723	Marionette	INFO	Stopped listening on port 38393
1540844754806	Marionette	TRACE	0 <- [1,8,null,{"cause":"shutdown"}]
1540844754845	Marionette	DEBUG	Closed connection 0
[Parent 13744, Gecko_IOThread] WARNING: pipe error (75): Connection reset by peer: file /build/firefox-4VfQCB/firefox-63.0+build2/ipc/chromium/src/chrome/common/ipc_channel_posix.cc, line 356
1540844754896	Marionette	DEBUG	Received observer notification xpcom-will-shutdown
1540844754897	Marionette	DEBUG	Resetting recommended pref app.update.disabledForTesting
1540844754897	Marionette	DEBUG	Resetting recommended pref security.turn_off_all_security_so_that_viruses_can_take_over_this_computer
1540844754897	Marionette	DEBUG	Resetting recommended pref apz.content_response_timeout
1540844754897	Marionette	DEBUG	Resetting recommended pref browser.download.panel.shown
1540844754897	Marionette	DEBUG	Resetting recommended pref browser.pagethumbnails.capturing_disabled
1540844754897	Marionette	DEBUG	Resetting recommended pref browser.search.update
1540844754897	Marionette	DEBUG	Resetting recommended pref toolkit.cosmeticAnimations.enabled
1540844754897	Marionette	DEBUG	Resetting recommended pref browser.tabs.disableBackgroundZombification
1540844754897	Marionette	DEBUG	Resetting recommended pref browser.tabs.warnOnCloseOtherTabs
1540844754898	Marionette	DEBUG	Resetting recommended pref browser.tabs.warnOnOpen
1540844754898	Marionette	DEBUG	Resetting recommended pref browser.usedOnWindows10.introURL
1540844754898	Marionette	DEBUG	Resetting recommended pref browser.urlbar.suggest.searches
1540844754898	Marionette	DEBUG	Resetting recommended pref datareporting.policy.dataSubmissionPolicyAccepted
1540844754898	Marionette	DEBUG	Resetting recommended pref dom.disable_beforeunload
1540844754898	Marionette	DEBUG	Resetting recommended pref dom.disable_open_during_load
1540844754898	Marionette	DEBUG	Resetting recommended pref dom.file.createInChild
1540844754898	Marionette	DEBUG	Resetting recommended pref dom.max_chrome_script_run_time
1540844754898	Marionette	DEBUG	Resetting recommended pref dom.max_script_run_time
1540844754898	Marionette	DEBUG	Resetting recommended pref extensions.getAddons.cache.enabled
1540844754899	Marionette	DEBUG	Resetting recommended pref extensions.webservice.discoverURL
1540844754899	Marionette	DEBUG	Resetting recommended pref network.http.prompt-temp-redirect
1540844754899	Marionette	DEBUG	Resetting recommended pref network.http.speculative-parallel-limit
1540844754899	Marionette	DEBUG	Resetting recommended pref security.fileuri.strict_origin_policy
1540844754899	Marionette	DEBUG	Resetting recommended pref security.notification_enable_delay
1540844754899	Marionette	DEBUG	Resetting recommended pref signon.autofillForms
1540844754899	Marionette	DEBUG	Resetting recommended pref signon.rememberSignons
1540844754899	Marionette	DEBUG	Remote service is inactive
1540844762155	geckodriver	INFO	geckodriver 0.21.0
1540844762160	geckodriver	INFO	Listening on 127.0.0.1:49221
1540844763165	mozrunner::runner	INFO	Running command: "/usr/bin/firefox" "-marionette" "-foreground" "-no-remote" "-profile" "/tmp/rust_mozprofile.LXq6BfupPxHy"
1540844763649	Marionette	DEBUG	Received observer notification profile-after-change
1540844763703	Marionette	DEBUG	Received observer notification command-line-startup
1540844763703	Marionette	DEBUG	Received observer notification nsPref:changed
1540844763703	Marionette	DEBUG	Init aborted (running=false, enabled=true, finalUIStartup=false)
1540844763872	Marionette	DEBUG	Received observer notification toplevel-window-ready
1540844764375	Marionette	DEBUG	Received observer notification sessionstore-windows-restored
1540844764375	Marionette	DEBUG	Waiting for delayed startup...
1540844764474	Marionette	DEBUG	Setting recommended pref app.update.disabledForTesting to true
1540844764474	Marionette	DEBUG	Setting recommended pref security.turn_off_all_security_so_that_viruses_can_take_over_this_computer to true
1540844764475	Marionette	DEBUG	Setting recommended pref apz.content_response_timeout to 60000
1540844764475	Marionette	DEBUG	Setting recommended pref browser.download.panel.shown to true
1540844764475	Marionette	DEBUG	Setting recommended pref browser.pagethumbnails.capturing_disabled to true
1540844764476	Marionette	DEBUG	Setting recommended pref browser.search.update to false
1540844764476	Marionette	DEBUG	Setting recommended pref toolkit.cosmeticAnimations.enabled to false
1540844764477	Marionette	DEBUG	Setting recommended pref browser.tabs.disableBackgroundZombification to false
1540844764477	Marionette	DEBUG	Setting recommended pref browser.tabs.warnOnCloseOtherTabs to false
1540844764477	Marionette	DEBUG	Setting recommended pref browser.tabs.warnOnOpen to false
1540844764477	Marionette	DEBUG	Setting recommended pref browser.usedOnWindows10.introURL to 
1540844764477	Marionette	DEBUG	Setting recommended pref browser.urlbar.suggest.searches to false
1540844764478	Marionette	DEBUG	Setting recommended pref datareporting.policy.dataSubmissionPolicyAccepted to false
1540844764478	Marionette	DEBUG	Setting recommended pref dom.disable_beforeunload to true
1540844764478	Marionette	DEBUG	Setting recommended pref dom.disable_open_during_load to false
1540844764478	Marionette	DEBUG	Setting recommended pref dom.file.createInChild to true
1540844764479	Marionette	DEBUG	Setting recommended pref dom.max_chrome_script_run_time to 0
1540844764479	Marionette	DEBUG	Setting recommended pref dom.max_script_run_time to 0
1540844764479	Marionette	DEBUG	Setting recommended pref extensions.getAddons.cache.enabled to false
1540844764479	Marionette	DEBUG	Setting recommended pref extensions.webservice.discoverURL to http://%(server)s/dummy/discoveryURL
1540844764479	Marionette	DEBUG	Setting recommended pref network.http.prompt-temp-redirect to false
1540844764479	Marionette	DEBUG	Setting recommended pref network.http.speculative-parallel-limit to 0
1540844764480	Marionette	DEBUG	Setting recommended pref security.fileuri.strict_origin_policy to false
1540844764480	Marionette	DEBUG	Setting recommended pref security.notification_enable_delay to 0
1540844764480	Marionette	DEBUG	Setting recommended pref signon.autofillForms to false
1540844764480	Marionette	DEBUG	Setting recommended pref signon.rememberSignons to false
1540844764513	Marionette	INFO	Listening on port 41175
1540844764513	Marionette	DEBUG	Remote service is active
1540844764570	Marionette	DEBUG	Accepted connection 0 from 127.0.0.1:32972
1540844764571	Marionette	TRACE	0 -> [0,1,"WebDriver:NewSession",{"acceptInsecureCerts":true,"browserName":"firefox","capabilities":{"desiredCapabilities":{"acceptInsecureCerts":true,"browserName":"firefox"}}}]
1540844764571	Marionette	WARN	TLS certificate errors will be ignored for this session
1540844764605	Marionette	DEBUG	[4294967297] Frame script loaded
1540844764606	Marionette	DEBUG	[4294967297] Frame script registered
1540844764609	Marionette	TRACE	0 <- [1,1,null,{"sessionId":"e17c0037-eb42-40c8-ba68-8cbc16a106ce","capabilities":{"browserName":"firefox","browserVersion":"63.0" ... alse,"moz:webdriverClick":true,"capabilities":{"desiredCapabilities":{"acceptInsecureCerts":true,"browserName":"firefox"}}}}]
1540844770471	Marionette	TRACE	0 -> [0,2,"WebDriver:Navigate",{"url":"http://www.google.com"}]
1540844770512	Marionette	DEBUG	[4294967297] Received DOM event beforeunload for about:blank
1540844770983	Marionette	DEBUG	[4294967297] Received DOM event pagehide for about:blank
1540844771071	Marionette	DEBUG	[4294967297] Received DOM event DOMContentLoaded for https://www.google.com/?gws_rd=ssl
1540844771740	Marionette	DEBUG	[4294967297] Received DOM event pageshow for https://www.google.com/?gws_rd=ssl
1540844771741	Marionette	TRACE	0 <- [1,2,null,{"value":null}]
1540844778872	Marionette	TRACE	0 -> [0,3,"WebDriver:GetTitle",{}]
1540844778874	Marionette	TRACE	0 <- [1,3,null,{"value":"Google"}]
1540844938560	Marionette	TRACE	0 -> [0,4,"Marionette:Quit",{"flags":["eForceQuit"]}]
1540844938562	Marionette	INFO	Stopped listening on port 41175
1540844938628	Marionette	TRACE	0 <- [1,4,null,{"cause":"shutdown"}]
1540844938656	Marionette	TRACE	0 -> [0,5,"Marionette:Quit",{"flags":["eForceQuit"]}]
1540844938656	Marionette	TRACE	0 <- [1,5,{"error":"invalid session id","message":"Tried to run command without establishing a connection","stacktrace":"WebDriver ... et@chrome://marionette/content/server.js:245:8\n_onJSONObjectReady/<@chrome://marionette/content/transport.js:490:9\n"},null]
1540844938663	Marionette	DEBUG	Closed connection 0
[Parent 14757, Gecko_IOThread] WARNING: pipe error (75): Connection reset by peer: file /build/firefox-4VfQCB/firefox-63.0+build2/ipc/chromium/src/chrome/common/ipc_channel_posix.cc, line 356
1540844938751	Marionette	DEBUG	Received observer notification xpcom-will-shutdown
1540844938751	Marionette	DEBUG	Resetting recommended pref app.update.disabledForTesting
1540844938751	Marionette	DEBUG	Resetting recommended pref security.turn_off_all_security_so_that_viruses_can_take_over_this_computer
1540844938751	Marionette	DEBUG	Resetting recommended pref apz.content_response_timeout
1540844938752	Marionette	DEBUG	Resetting recommended pref browser.download.panel.shown
1540844938752	Marionette	DEBUG	Resetting recommended pref browser.pagethumbnails.capturing_disabled
1540844938752	Marionette	DEBUG	Resetting recommended pref browser.search.update
1540844938752	Marionette	DEBUG	Resetting recommended pref toolkit.cosmeticAnimations.enabled
1540844938752	Marionette	DEBUG	Resetting recommended pref browser.tabs.disableBackgroundZombification
1540844938752	Marionette	DEBUG	Resetting recommended pref browser.tabs.warnOnCloseOtherTabs
1540844938753	Marionette	DEBUG	Resetting recommended pref browser.tabs.warnOnOpen
1540844938753	Marionette	DEBUG	Resetting recommended pref browser.usedOnWindows10.introURL
1540844938753	Marionette	DEBUG	Resetting recommended pref browser.urlbar.suggest.searches
1540844938753	Marionette	DEBUG	Resetting recommended pref datareporting.policy.dataSubmissionPolicyAccepted
1540844938754	Marionette	DEBUG	Resetting recommended pref dom.disable_beforeunload
1540844938754	Marionette	DEBUG	Resetting recommended pref dom.disable_open_during_load
1540844938754	Marionette	DEBUG	Resetting recommended pref dom.file.createInChild
1540844938754	Marionette	DEBUG	Resetting recommended pref dom.max_chrome_script_run_time
1540844938754	Marionette	DEBUG	Resetting recommended pref dom.max_script_run_time
1540844938754	Marionette	DEBUG	Resetting recommended pref extensions.getAddons.cache.enabled
1540844938754	Marionette	DEBUG	Resetting recommended pref extensions.webservice.discoverURL
1540844938754	Marionette	DEBUG	Resetting recommended pref network.http.prompt-temp-redirect
1540844938754	Marionette	DEBUG	Resetting recommended pref network.http.speculative-parallel-limit
1540844938754	Marionette	DEBUG	Resetting recommended pref security.fileuri.strict_origin_policy
1540844938754	Marionette	DEBUG	Resetting recommended pref security.notification_enable_delay
1540844938754	Marionette	DEBUG	Resetting recommended pref signon.autofillForms
1540844938755	Marionette	DEBUG	Resetting recommended pref signon.rememberSignons
1540844938755	Marionette	DEBUG	Remote service is inactive
1540845099322	geckodriver	INFO	geckodriver 0.21.0
1540845099327	geckodriver	INFO	Listening on 127.0.0.1:40845
1540845100334	mozrunner::runner	INFO	Running command: "/usr/bin/firefox" "-marionette" "-foreground" "-no-remote" "-profile" "/tmp/rust_mozprofile.IFd63RwAtqvr"
1540845100819	Marionette	DEBUG	Received observer notification profile-after-change
1540845100872	Marionette	DEBUG	Received observer notification command-line-startup
1540845100872	Marionette	DEBUG	Received observer notification nsPref:changed
1540845100872	Marionette	DEBUG	Init aborted (running=false, enabled=true, finalUIStartup=false)
1540845101064	Marionette	DEBUG	Received observer notification toplevel-window-ready
1540845101581	Marionette	DEBUG	Received observer notification sessionstore-windows-restored
1540845101581	Marionette	DEBUG	Waiting for delayed startup...
1540845101674	Marionette	DEBUG	Setting recommended pref app.update.disabledForTesting to true
1540845101674	Marionette	DEBUG	Setting recommended pref security.turn_off_all_security_so_that_viruses_can_take_over_this_computer to true
1540845101675	Marionette	DEBUG	Setting recommended pref apz.content_response_timeout to 60000
1540845101675	Marionette	DEBUG	Setting recommended pref browser.download.panel.shown to true
1540845101676	Marionette	DEBUG	Setting recommended pref browser.pagethumbnails.capturing_disabled to true
1540845101676	Marionette	DEBUG	Setting recommended pref browser.search.update to false
1540845101676	Marionette	DEBUG	Setting recommended pref toolkit.cosmeticAnimations.enabled to false
1540845101677	Marionette	DEBUG	Setting recommended pref browser.tabs.disableBackgroundZombification to false
1540845101677	Marionette	DEBUG	Setting recommended pref browser.tabs.warnOnCloseOtherTabs to false
1540845101677	Marionette	DEBUG	Setting recommended pref browser.tabs.warnOnOpen to false
1540845101677	Marionette	DEBUG	Setting recommended pref browser.usedOnWindows10.introURL to 
1540845101677	Marionette	DEBUG	Setting recommended pref browser.urlbar.suggest.searches to false
1540845101677	Marionette	DEBUG	Setting recommended pref datareporting.policy.dataSubmissionPolicyAccepted to false
1540845101677	Marionette	DEBUG	Setting recommended pref dom.disable_beforeunload to true
1540845101678	Marionette	DEBUG	Setting recommended pref dom.disable_open_during_load to false
1540845101678	Marionette	DEBUG	Setting recommended pref dom.file.createInChild to true
1540845101678	Marionette	DEBUG	Setting recommended pref dom.max_chrome_script_run_time to 0
1540845101678	Marionette	DEBUG	Setting recommended pref dom.max_script_run_time to 0
1540845101678	Marionette	DEBUG	Setting recommended pref extensions.getAddons.cache.enabled to false
1540845101678	Marionette	DEBUG	Setting recommended pref extensions.webservice.discoverURL to http://%(server)s/dummy/discoveryURL
1540845101678	Marionette	DEBUG	Setting recommended pref network.http.prompt-temp-redirect to false
1540845101678	Marionette	DEBUG	Setting recommended pref network.http.speculative-parallel-limit to 0
1540845101678	Marionette	DEBUG	Setting recommended pref security.fileuri.strict_origin_policy to false
1540845101678	Marionette	DEBUG	Setting recommended pref security.notification_enable_delay to 0
1540845101679	Marionette	DEBUG	Setting recommended pref signon.autofillForms to false
1540845101679	Marionette	DEBUG	Setting recommended pref signon.rememberSignons to false
1540845101713	Marionette	INFO	Listening on port 42209
1540845101713	Marionette	DEBUG	Remote service is active
1540845101748	Marionette	DEBUG	Accepted connection 0 from 127.0.0.1:33012
1540845101755	Marionette	TRACE	0 -> [0,1,"WebDriver:NewSession",{"acceptInsecureCerts":true,"browserName":"firefox","capabilities":{"desiredCapabilities":{"acceptInsecureCerts":true,"browserName":"firefox"}}}]
1540845101755	Marionette	WARN	TLS certificate errors will be ignored for this session
1540845101789	Marionette	DEBUG	[4294967297] Frame script loaded
1540845101789	Marionette	DEBUG	[4294967297] Frame script registered
1540845101794	Marionette	TRACE	0 <- [1,1,null,{"sessionId":"53a40788-d9a3-4f9e-9c18-4f1edd2bdd03","capabilities":{"browserName":"firefox","browserVersion":"63.0" ... alse,"moz:webdriverClick":true,"capabilities":{"desiredCapabilities":{"acceptInsecureCerts":true,"browserName":"firefox"}}}}]
1540845101801	Marionette	TRACE	0 -> [0,2,"WebDriver:Navigate",{"url":"http://localhost:8000"}]
1540845101809	Marionette	DEBUG	[4294967297] Received DOM event beforeunload for about:blank
1540845101817	Marionette	DEBUG	[4294967297] Received DOM event beforeunload for about:blank
1540845101818	Marionette	DEBUG	[4294967297] Received DOM event pagehide for about:blank
1540845101845	Marionette	DEBUG	[4294967297] Received DOM event DOMContentLoaded for about:neterror?e=connectionFailure&u=http%3A//localhost%3A8000/&c=UTF-8&f=regular&d=Firefox%20can%E2%80%99t%20establish%20a%20connection%20to%20the%20server%20at%20localhost%3A8000.
1540845101848	Marionette	TRACE	0 <- [1,2,{"error":"unknown error","message":"Reached error page: about:neterror?e=connectionFailure&u=http%3A//localhost%3A8000/& ... eadyState@chrome://marionette/content/listener.js:273:21\nhandleEvent@chrome://marionette/content/listener.js:241:9\n"},null]
1540845101871	Marionette	DEBUG	Closed connection 0
1540845107664	Marionette	DEBUG	Received observer notification xpcom-will-shutdown
1540845107664	Marionette	DEBUG	Resetting recommended pref app.update.disabledForTesting
1540845107664	Marionette	DEBUG	Resetting recommended pref security.turn_off_all_security_so_that_viruses_can_take_over_this_computer
1540845107664	Marionette	DEBUG	Resetting recommended pref apz.content_response_timeout
1540845107664	Marionette	DEBUG	Resetting recommended pref browser.download.panel.shown
1540845107664	Marionette	DEBUG	Resetting recommended pref browser.pagethumbnails.capturing_disabled
1540845107664	Marionette	DEBUG	Resetting recommended pref browser.search.update
1540845107665	Marionette	DEBUG	Resetting recommended pref toolkit.cosmeticAnimations.enabled
1540845107665	Marionette	DEBUG	Resetting recommended pref browser.tabs.disableBackgroundZombification
1540845107665	Marionette	DEBUG	Resetting recommended pref browser.tabs.warnOnCloseOtherTabs
1540845107665	Marionette	DEBUG	Resetting recommended pref browser.tabs.warnOnOpen
1540845107665	Marionette	DEBUG	Resetting recommended pref browser.usedOnWindows10.introURL
1540845107665	Marionette	DEBUG	Resetting recommended pref browser.urlbar.suggest.searches
1540845107665	Marionette	DEBUG	Resetting recommended pref datareporting.policy.dataSubmissionPolicyAccepted
1540845107665	Marionette	DEBUG	Resetting recommended pref dom.disable_beforeunload
1540845107665	Marionette	DEBUG	Resetting recommended pref dom.disable_open_during_load
1540845107665	Marionette	DEBUG	Resetting recommended pref dom.file.createInChild
1540845107666	Marionette	DEBUG	Resetting recommended pref dom.max_chrome_script_run_time
1540845107666	Marionette	DEBUG	Resetting recommended pref dom.max_script_run_time
1540845107666	Marionette	DEBUG	Resetting recommended pref extensions.getAddons.cache.enabled
1540845107666	Marionette	DEBUG	Resetting recommended pref extensions.webservice.discoverURL
1540845107666	Marionette	DEBUG	Resetting recommended pref network.http.prompt-temp-redirect
1540845107666	Marionette	DEBUG	Resetting recommended pref network.http.speculative-parallel-limit
1540845107666	Marionette	DEBUG	Resetting recommended pref security.fileuri.strict_origin_policy
1540845107666	Marionette	DEBUG	Resetting recommended pref security.notification_enable_delay
1540845107666	Marionette	DEBUG	Resetting recommended pref signon.autofillForms
1540845107666	Marionette	DEBUG	Resetting recommended pref signon.rememberSignons
1540845107666	Marionette	INFO	Stopped listening on port 42209
1540845107666	Marionette	DEBUG	Remote service is inactive
1540845147779	geckodriver	INFO	geckodriver 0.21.0
1540845147783	geckodriver	INFO	Listening on 127.0.0.1:54623
1540845148791	mozrunner::runner	INFO	Running command: "/usr/bin/firefox" "-marionette" "-foreground" "-no-remote" "-profile" "/tmp/rust_mozprofile.BjEYBrMaMMEU"
1540845149269	Marionette	DEBUG	Received observer notification profile-after-change
1540845149328	Marionette	DEBUG	Received observer notification command-line-startup
1540845149328	Marionette	DEBUG	Received observer notification nsPref:changed
1540845149328	Marionette	DEBUG	Init aborted (running=false, enabled=true, finalUIStartup=false)
1540845149502	Marionette	DEBUG	Received observer notification toplevel-window-ready
1540845150048	Marionette	DEBUG	Received observer notification sessionstore-windows-restored
1540845150049	Marionette	DEBUG	Waiting for delayed startup...
1540845150149	Marionette	DEBUG	Setting recommended pref app.update.disabledForTesting to true
1540845150149	Marionette	DEBUG	Setting recommended pref security.turn_off_all_security_so_that_viruses_can_take_over_this_computer to true
1540845150150	Marionette	DEBUG	Setting recommended pref apz.content_response_timeout to 60000
1540845150150	Marionette	DEBUG	Setting recommended pref browser.download.panel.shown to true
1540845150150	Marionette	DEBUG	Setting recommended pref browser.pagethumbnails.capturing_disabled to true
1540845150151	Marionette	DEBUG	Setting recommended pref browser.search.update to false
1540845150151	Marionette	DEBUG	Setting recommended pref toolkit.cosmeticAnimations.enabled to false
1540845150152	Marionette	DEBUG	Setting recommended pref browser.tabs.disableBackgroundZombification to false
1540845150152	Marionette	DEBUG	Setting recommended pref browser.tabs.warnOnCloseOtherTabs to false
1540845150152	Marionette	DEBUG	Setting recommended pref browser.tabs.warnOnOpen to false
1540845150152	Marionette	DEBUG	Setting recommended pref browser.usedOnWindows10.introURL to 
1540845150152	Marionette	DEBUG	Setting recommended pref browser.urlbar.suggest.searches to false
1540845150153	Marionette	DEBUG	Setting recommended pref datareporting.policy.dataSubmissionPolicyAccepted to false
1540845150153	Marionette	DEBUG	Setting recommended pref dom.disable_beforeunload to true
1540845150153	Marionette	DEBUG	Setting recommended pref dom.disable_open_during_load to false
1540845150153	Marionette	DEBUG	Setting recommended pref dom.file.createInChild to true
1540845150154	Marionette	DEBUG	Setting recommended pref dom.max_chrome_script_run_time to 0
1540845150154	Marionette	DEBUG	Setting recommended pref dom.max_script_run_time to 0
1540845150154	Marionette	DEBUG	Setting recommended pref extensions.getAddons.cache.enabled to false
1540845150154	Marionette	DEBUG	Setting recommended pref extensions.webservice.discoverURL to http://%(server)s/dummy/discoveryURL
1540845150154	Marionette	DEBUG	Setting recommended pref network.http.prompt-temp-redirect to false
1540845150154	Marionette	DEBUG	Setting recommended pref network.http.speculative-parallel-limit to 0
1540845150155	Marionette	DEBUG	Setting recommended pref security.fileuri.strict_origin_policy to false
1540845150155	Marionette	DEBUG	Setting recommended pref security.notification_enable_delay to 0
1540845150155	Marionette	DEBUG	Setting recommended pref signon.autofillForms to false
1540845150155	Marionette	DEBUG	Setting recommended pref signon.rememberSignons to false
1540845150187	Marionette	INFO	Listening on port 43529
1540845150187	Marionette	DEBUG	Remote service is active
1540845150199	Marionette	DEBUG	Accepted connection 0 from 127.0.0.1:43830
1540845150206	Marionette	TRACE	0 -> [0,1,"WebDriver:NewSession",{"acceptInsecureCerts":true,"browserName":"firefox","capabilities":{"desiredCapabilities":{"acceptInsecureCerts":true,"browserName":"firefox"}}}]
1540845150206	Marionette	WARN	TLS certificate errors will be ignored for this session
1540845150241	Marionette	DEBUG	[4294967297] Frame script loaded
1540845150242	Marionette	DEBUG	[4294967297] Frame script registered
1540845150247	Marionette	TRACE	0 <- [1,1,null,{"sessionId":"0a46f9ef-f025-4680-bc66-b365149d8ea1","capabilities":{"browserName":"firefox","browserVersion":"63.0" ... alse,"moz:webdriverClick":true,"capabilities":{"desiredCapabilities":{"acceptInsecureCerts":true,"browserName":"firefox"}}}}]
1540845150255	Marionette	TRACE	0 -> [0,2,"WebDriver:Navigate",{"url":"http://localhost:8000"}]
1540845150263	Marionette	DEBUG	[4294967297] Received DOM event beforeunload for about:blank
1540845150277	Marionette	DEBUG	[4294967297] Received DOM event beforeunload for about:blank
1540845150278	Marionette	DEBUG	[4294967297] Received DOM event pagehide for about:blank
1540845150313	Marionette	DEBUG	[4294967297] Received DOM event DOMContentLoaded for about:neterror?e=connectionFailure&u=http%3A//localhost%3A8000/&c=UTF-8&f=regular&d=Firefox%20can%E2%80%99t%20establish%20a%20connection%20to%20the%20server%20at%20localhost%3A8000.
1540845150316	Marionette	TRACE	0 <- [1,2,{"error":"unknown error","message":"Reached error page: about:neterror?e=connectionFailure&u=http%3A//localhost%3A8000/& ... eadyState@chrome://marionette/content/listener.js:273:21\nhandleEvent@chrome://marionette/content/listener.js:241:9\n"},null]
1540845150337	Marionette	DEBUG	Closed connection 0
1540845157158	Marionette	DEBUG	Received observer notification xpcom-will-shutdown
1540845157158	Marionette	DEBUG	Resetting recommended pref app.update.disabledForTesting
1540845157158	Marionette	DEBUG	Resetting recommended pref security.turn_off_all_security_so_that_viruses_can_take_over_this_computer
1540845157158	Marionette	DEBUG	Resetting recommended pref apz.content_response_timeout
1540845157158	Marionette	DEBUG	Resetting recommended pref browser.download.panel.shown
1540845157158	Marionette	DEBUG	Resetting recommended pref browser.pagethumbnails.capturing_disabled
1540845157158	Marionette	DEBUG	Resetting recommended pref browser.search.update
1540845157159	Marionette	DEBUG	Resetting recommended pref toolkit.cosmeticAnimations.enabled
1540845157159	Marionette	DEBUG	Resetting recommended pref browser.tabs.disableBackgroundZombification
1540845157159	Marionette	DEBUG	Resetting recommended pref browser.tabs.warnOnCloseOtherTabs
1540845157159	Marionette	DEBUG	Resetting recommended pref browser.tabs.warnOnOpen
1540845157159	Marionette	DEBUG	Resetting recommended pref browser.usedOnWindows10.introURL
1540845157159	Marionette	DEBUG	Resetting recommended pref browser.urlbar.suggest.searches
1540845157159	Marionette	DEBUG	Resetting recommended pref datareporting.policy.dataSubmissionPolicyAccepted
1540845157160	Marionette	DEBUG	Resetting recommended pref dom.disable_beforeunload
1540845157160	Marionette	DEBUG	Resetting recommended pref dom.disable_open_during_load
1540845157160	Marionette	DEBUG	Resetting recommended pref dom.file.createInChild
1540845157160	Marionette	DEBUG	Resetting recommended pref dom.max_chrome_script_run_time
1540845157160	Marionette	DEBUG	Resetting recommended pref dom.max_script_run_time
1540845157160	Marionette	DEBUG	Resetting recommended pref extensions.getAddons.cache.enabled
1540845157160	Marionette	DEBUG	Resetting recommended pref extensions.webservice.discoverURL
1540845157160	Marionette	DEBUG	Resetting recommended pref network.http.prompt-temp-redirect
1540845157160	Marionette	DEBUG	Resetting recommended pref network.http.speculative-parallel-limit
1540845157160	Marionette	DEBUG	Resetting recommended pref security.fileuri.strict_origin_policy
1540845157160	Marionette	DEBUG	Resetting recommended pref security.notification_enable_delay
1540845157160	Marionette	DEBUG	Resetting recommended pref signon.autofillForms
1540845157160	Marionette	DEBUG	Resetting recommended pref signon.rememberSignons
1540845157160	Marionette	INFO	Stopped listening on port 43529
1540845157160	Marionette	DEBUG	Remote service is inactive
1540846652367	geckodriver	INFO	geckodriver 0.21.0
1540846652370	geckodriver	INFO	Listening on 127.0.0.1:58357
1540846653379	mozrunner::runner	INFO	Running command: "/usr/bin/firefox" "-marionette" "-foreground" "-no-remote" "-profile" "/tmp/rust_mozprofile.OevvQ9kJAAWZ"
1540846653865	Marionette	DEBUG	Received observer notification profile-after-change
1540846653915	Marionette	DEBUG	Received observer notification command-line-startup
1540846653915	Marionette	DEBUG	Received observer notification nsPref:changed
1540846653915	Marionette	DEBUG	Init aborted (running=false, enabled=true, finalUIStartup=false)
1540846654082	Marionette	DEBUG	Received observer notification toplevel-window-ready
1540846654581	Marionette	DEBUG	Received observer notification sessionstore-windows-restored
1540846654581	Marionette	DEBUG	Waiting for delayed startup...
1540846654669	Marionette	DEBUG	Setting recommended pref app.update.disabledForTesting to true
1540846654670	Marionette	DEBUG	Setting recommended pref security.turn_off_all_security_so_that_viruses_can_take_over_this_computer to true
1540846654670	Marionette	DEBUG	Setting recommended pref apz.content_response_timeout to 60000
1540846654670	Marionette	DEBUG	Setting recommended pref browser.download.panel.shown to true
1540846654671	Marionette	DEBUG	Setting recommended pref browser.pagethumbnails.capturing_disabled to true
1540846654671	Marionette	DEBUG	Setting recommended pref browser.search.update to false
1540846654672	Marionette	DEBUG	Setting recommended pref toolkit.cosmeticAnimations.enabled to false
1540846654672	Marionette	DEBUG	Setting recommended pref browser.tabs.disableBackgroundZombification to false
1540846654673	Marionette	DEBUG	Setting recommended pref browser.tabs.warnOnCloseOtherTabs to false
1540846654673	Marionette	DEBUG	Setting recommended pref browser.tabs.warnOnOpen to false
1540846654673	Marionette	DEBUG	Setting recommended pref browser.usedOnWindows10.introURL to 
1540846654673	Marionette	DEBUG	Setting recommended pref browser.urlbar.suggest.searches to false
1540846654674	Marionette	DEBUG	Setting recommended pref datareporting.policy.dataSubmissionPolicyAccepted to false
1540846654674	Marionette	DEBUG	Setting recommended pref dom.disable_beforeunload to true
1540846654674	Marionette	DEBUG	Setting recommended pref dom.disable_open_during_load to false
1540846654674	Marionette	DEBUG	Setting recommended pref dom.file.createInChild to true
1540846654675	Marionette	DEBUG	Setting recommended pref dom.max_chrome_script_run_time to 0
1540846654675	Marionette	DEBUG	Setting recommended pref dom.max_script_run_time to 0
1540846654675	Marionette	DEBUG	Setting recommended pref extensions.getAddons.cache.enabled to false
1540846654675	Marionette	DEBUG	Setting recommended pref extensions.webservice.discoverURL to http://%(server)s/dummy/discoveryURL
1540846654676	Marionette	DEBUG	Setting recommended pref network.http.prompt-temp-redirect to false
1540846654676	Marionette	DEBUG	Setting recommended pref network.http.speculative-parallel-limit to 0
1540846654676	Marionette	DEBUG	Setting recommended pref security.fileuri.strict_origin_policy to false
1540846654676	Marionette	DEBUG	Setting recommended pref security.notification_enable_delay to 0
1540846654676	Marionette	DEBUG	Setting recommended pref signon.autofillForms to false
1540846654676	Marionette	DEBUG	Setting recommended pref signon.rememberSignons to false
1540846654710	Marionette	INFO	Listening on port 46135
1540846654710	Marionette	DEBUG	Remote service is active
1540846654783	Marionette	DEBUG	Accepted connection 0 from 127.0.0.1:51434
1540846654784	Marionette	TRACE	0 -> [0,1,"WebDriver:NewSession",{"acceptInsecureCerts":true,"browserName":"firefox","capabilities":{"desiredCapabilities":{"acceptInsecureCerts":true,"browserName":"firefox"}}}]
1540846654785	Marionette	WARN	TLS certificate errors will be ignored for this session
1540846654817	Marionette	DEBUG	[4294967297] Frame script loaded
1540846654823	Marionette	DEBUG	[4294967297] Frame script registered
1540846654829	Marionette	TRACE	0 <- [1,1,null,{"sessionId":"b2dd8899-c8d1-4237-a687-abcfcf802fcf","capabilities":{"browserName":"firefox","browserVersion":"63.0" ... alse,"moz:webdriverClick":true,"capabilities":{"desiredCapabilities":{"acceptInsecureCerts":true,"browserName":"firefox"}}}}]
1540846654832	Marionette	TRACE	0 -> [0,2,"WebDriver:Navigate",{"url":"http://localhost:8000"}]
1540846654839	Marionette	DEBUG	[4294967297] Received DOM event beforeunload for about:blank
1540846654848	Marionette	DEBUG	[4294967297] Received DOM event pagehide for about:blank
1540846654861	Marionette	DEBUG	[4294967297] Received DOM event DOMContentLoaded for http://localhost:8000/
1540846654897	Marionette	DEBUG	[4294967297] Received DOM event pageshow for http://localhost:8000/
1540846654899	Marionette	TRACE	0 <- [1,2,null,{"value":null}]
1540846654906	Marionette	TRACE	0 -> [0,3,"WebDriver:GetTitle",{}]
1540846654906	Marionette	TRACE	0 <- [1,3,null,{"value":"Welcome to Django"}]
1540846654928	Marionette	DEBUG	Closed connection 0
[Parent 17402, Gecko_IOThread] WARNING: pipe error (96): Connection reset by peer: file /build/firefox-4VfQCB/firefox-63.0+build2/ipc/chromium/src/chrome/common/ipc_channel_posix.cc, line 356
1540846666098	Marionette	DEBUG	Received observer notification xpcom-will-shutdown
1540846666099	Marionette	DEBUG	Resetting recommended pref app.update.disabledForTesting
1540846666099	Marionette	DEBUG	Resetting recommended pref security.turn_off_all_security_so_that_viruses_can_take_over_this_computer
1540846666099	Marionette	DEBUG	Resetting recommended pref apz.content_response_timeout
1540846666099	Marionette	DEBUG	Resetting recommended pref browser.download.panel.shown
1540846666099	Marionette	DEBUG	Resetting recommended pref browser.pagethumbnails.capturing_disabled
1540846666099	Marionette	DEBUG	Resetting recommended pref browser.search.update
1540846666099	Marionette	DEBUG	Resetting recommended pref toolkit.cosmeticAnimations.enabled
1540846666099	Marionette	DEBUG	Resetting recommended pref browser.tabs.disableBackgroundZombification
1540846666099	Marionette	DEBUG	Resetting recommended pref browser.tabs.warnOnCloseOtherTabs
1540846666100	Marionette	DEBUG	Resetting recommended pref browser.tabs.warnOnOpen
1540846666100	Marionette	DEBUG	Resetting recommended pref browser.usedOnWindows10.introURL
1540846666100	Marionette	DEBUG	Resetting recommended pref browser.urlbar.suggest.searches
1540846666100	Marionette	DEBUG	Resetting recommended pref datareporting.policy.dataSubmissionPolicyAccepted
1540846666100	Marionette	DEBUG	Resetting recommended pref dom.disable_beforeunload
1540846666100	Marionette	DEBUG	Resetting recommended pref dom.disable_open_during_load
1540846666100	Marionette	DEBUG	Resetting recommended pref dom.file.createInChild
1540846666100	Marionette	DEBUG	Resetting recommended pref dom.max_chrome_script_run_time
1540846666100	Marionette	DEBUG	Resetting recommended pref dom.max_script_run_time
1540846666101	Marionette	DEBUG	Resetting recommended pref extensions.getAddons.cache.enabled
1540846666101	Marionette	DEBUG	Resetting recommended pref extensions.webservice.discoverURL
1540846666101	Marionette	DEBUG	Resetting recommended pref network.http.prompt-temp-redirect
1540846666101	Marionette	DEBUG	Resetting recommended pref network.http.speculative-parallel-limit
1540846666101	Marionette	DEBUG	Resetting recommended pref security.fileuri.strict_origin_policy
1540846666101	Marionette	DEBUG	Resetting recommended pref security.notification_enable_delay
1540846666101	Marionette	DEBUG	Resetting recommended pref signon.autofillForms
1540846666101	Marionette	DEBUG	Resetting recommended pref signon.rememberSignons
1540846666101	Marionette	INFO	Stopped listening on port 46135
1540846666101	Marionette	DEBUG	Remote service is inactive
1540846679878	geckodriver	INFO	geckodriver 0.21.0
1540846679881	geckodriver	INFO	Listening on 127.0.0.1:56381
1540846680891	mozrunner::runner	INFO	Running command: "/usr/bin/firefox" "-marionette" "-foreground" "-no-remote" "-profile" "/tmp/rust_mozprofile.owXdWr3qexEC"
1540846681321	Marionette	DEBUG	Received observer notification profile-after-change
1540846681410	Marionette	DEBUG	Received observer notification command-line-startup
1540846681410	Marionette	DEBUG	Received observer notification nsPref:changed
1540846681410	Marionette	DEBUG	Init aborted (running=false, enabled=true, finalUIStartup=false)
1540846681585	Marionette	DEBUG	Received observer notification toplevel-window-ready
1540846682093	Marionette	DEBUG	Received observer notification sessionstore-windows-restored
1540846682093	Marionette	DEBUG	Waiting for delayed startup...
1540846682273	Marionette	DEBUG	Setting recommended pref app.update.disabledForTesting to true
1540846682273	Marionette	DEBUG	Setting recommended pref security.turn_off_all_security_so_that_viruses_can_take_over_this_computer to true
1540846682273	Marionette	DEBUG	Setting recommended pref apz.content_response_timeout to 60000
1540846682274	Marionette	DEBUG	Setting recommended pref browser.download.panel.shown to true
1540846682274	Marionette	DEBUG	Setting recommended pref browser.pagethumbnails.capturing_disabled to true
1540846682274	Marionette	DEBUG	Setting recommended pref browser.search.update to false
1540846682274	Marionette	DEBUG	Setting recommended pref toolkit.cosmeticAnimations.enabled to false
1540846682275	Marionette	DEBUG	Setting recommended pref browser.tabs.disableBackgroundZombification to false
1540846682275	Marionette	DEBUG	Setting recommended pref browser.tabs.warnOnCloseOtherTabs to false
1540846682276	Marionette	DEBUG	Setting recommended pref browser.tabs.warnOnOpen to false
1540846682276	Marionette	DEBUG	Setting recommended pref browser.usedOnWindows10.introURL to 
1540846682276	Marionette	DEBUG	Setting recommended pref browser.urlbar.suggest.searches to false
1540846682277	Marionette	DEBUG	Setting recommended pref datareporting.policy.dataSubmissionPolicyAccepted to false
1540846682277	Marionette	DEBUG	Setting recommended pref dom.disable_beforeunload to true
1540846682277	Marionette	DEBUG	Setting recommended pref dom.disable_open_during_load to false
1540846682277	Marionette	DEBUG	Setting recommended pref dom.file.createInChild to true
1540846682277	Marionette	DEBUG	Setting recommended pref dom.max_chrome_script_run_time to 0
1540846682277	Marionette	DEBUG	Setting recommended pref dom.max_script_run_time to 0
1540846682278	Marionette	DEBUG	Setting recommended pref extensions.getAddons.cache.enabled to false
1540846682278	Marionette	DEBUG	Setting recommended pref extensions.webservice.discoverURL to http://%(server)s/dummy/discoveryURL
1540846682278	Marionette	DEBUG	Setting recommended pref network.http.prompt-temp-redirect to false
1540846682278	Marionette	DEBUG	Setting recommended pref network.http.speculative-parallel-limit to 0
1540846682278	Marionette	DEBUG	Setting recommended pref security.fileuri.strict_origin_policy to false
1540846682278	Marionette	DEBUG	Setting recommended pref security.notification_enable_delay to 0
1540846682278	Marionette	DEBUG	Setting recommended pref signon.autofillForms to false
1540846682278	Marionette	DEBUG	Setting recommended pref signon.rememberSignons to false
1540846682310	Marionette	INFO	Listening on port 39081
1540846682311	Marionette	DEBUG	Remote service is active
1540846682395	Marionette	DEBUG	Accepted connection 0 from 127.0.0.1:48762
1540846682396	Marionette	TRACE	0 -> [0,1,"WebDriver:NewSession",{"acceptInsecureCerts":true,"browserName":"firefox","capabilities":{"desiredCapabilities":{"acceptInsecureCerts":true,"browserName":"firefox"}}}]
1540846682397	Marionette	WARN	TLS certificate errors will be ignored for this session
1540846682436	Marionette	DEBUG	[4294967297] Frame script loaded
1540846682437	Marionette	DEBUG	[4294967297] Frame script registered
1540846682441	Marionette	TRACE	0 <- [1,1,null,{"sessionId":"e9a468e1-e5eb-4a2e-b8c6-ef7864abb7c1","capabilities":{"browserName":"firefox","browserVersion":"63.0" ... alse,"moz:webdriverClick":true,"capabilities":{"desiredCapabilities":{"acceptInsecureCerts":true,"browserName":"firefox"}}}}]
1540846682444	Marionette	TRACE	0 -> [0,2,"WebDriver:Navigate",{"url":"http://localhost:8000"}]
1540846682468	Marionette	DEBUG	[4294967297] Received DOM event beforeunload for about:blank
1540846682479	Marionette	DEBUG	[4294967297] Received DOM event pagehide for about:blank
1540846682490	Marionette	DEBUG	[4294967297] Received DOM event DOMContentLoaded for http://localhost:8000/
1540846682521	Marionette	DEBUG	[4294967297] Received DOM event pageshow for http://localhost:8000/
1540846682522	Marionette	TRACE	0 <- [1,2,null,{"value":null}]
1540846682524	Marionette	TRACE	0 -> [0,3,"WebDriver:GetTitle",{}]
1540846682524	Marionette	TRACE	0 <- [1,3,null,{"value":"Welcome to Django"}]
1540846682529	Marionette	TRACE	0 -> [0,4,"Marionette:Quit",{"flags":["eForceQuit"]}]
1540846682530	Marionette	INFO	Stopped listening on port 39081
JavaScript error: resource://activity-stream/lib/TopSitesFeed.jsm, line 86: TypeError: setting getter-only property "_currentSearchHostname"
1540846682574	Marionette	TRACE	0 <- [1,4,null,{"cause":"shutdown"}]
1540846682590	Marionette	TRACE	0 -> [0,5,"Marionette:Quit",{"flags":["eForceQuit"]}]
1540846682590	Marionette	TRACE	0 <- [1,5,{"error":"invalid session id","message":"Tried to run command without establishing a connection","stacktrace":"WebDriver ... et@chrome://marionette/content/server.js:245:8\n_onJSONObjectReady/<@chrome://marionette/content/transport.js:490:9\n"},null]
1540846682597	Marionette	DEBUG	Closed connection 0
[Parent 17805, Gecko_IOThread] WARNING: pipe error (75): Connection reset by peer: file /build/firefox-4VfQCB/firefox-63.0+build2/ipc/chromium/src/chrome/common/ipc_channel_posix.cc, line 356
JavaScript error: resource://gre/modules/Sqlite.jsm, line 841: Error: Connection is not open.
1540846682670	Marionette	DEBUG	Received observer notification xpcom-will-shutdown
1540846682670	Marionette	DEBUG	Resetting recommended pref app.update.disabledForTesting
1540846682670	Marionette	DEBUG	Resetting recommended pref security.turn_off_all_security_so_that_viruses_can_take_over_this_computer
1540846682670	Marionette	DEBUG	Resetting recommended pref apz.content_response_timeout
1540846682671	Marionette	DEBUG	Resetting recommended pref browser.download.panel.shown
1540846682671	Marionette	DEBUG	Resetting recommended pref browser.pagethumbnails.capturing_disabled
1540846682671	Marionette	DEBUG	Resetting recommended pref browser.search.update
1540846682671	Marionette	DEBUG	Resetting recommended pref toolkit.cosmeticAnimations.enabled
1540846682672	Marionette	DEBUG	Resetting recommended pref browser.tabs.disableBackgroundZombification
1540846682672	Marionette	DEBUG	Resetting recommended pref browser.tabs.warnOnCloseOtherTabs
1540846682672	Marionette	DEBUG	Resetting recommended pref browser.tabs.warnOnOpen
1540846682673	Marionette	DEBUG	Resetting recommended pref browser.usedOnWindows10.introURL
1540846682673	Marionette	DEBUG	Resetting recommended pref browser.urlbar.suggest.searches
1540846682674	Marionette	DEBUG	Resetting recommended pref datareporting.policy.dataSubmissionPolicyAccepted
1540846682674	Marionette	DEBUG	Resetting recommended pref dom.disable_beforeunload
1540846682674	Marionette	DEBUG	Resetting recommended pref dom.disable_open_during_load
1540846682674	Marionette	DEBUG	Resetting recommended pref dom.file.createInChild
1540846682674	Marionette	DEBUG	Resetting recommended pref dom.max_chrome_script_run_time
1540846682675	Marionette	DEBUG	Resetting recommended pref dom.max_script_run_time
1540846682675	Marionette	DEBUG	Resetting recommended pref extensions.getAddons.cache.enabled
1540846682675	Marionette	DEBUG	Resetting recommended pref extensions.webservice.discoverURL
1540846682675	Marionette	DEBUG	Resetting recommended pref network.http.prompt-temp-redirect
1540846682675	Marionette	DEBUG	Resetting recommended pref network.http.speculative-parallel-limit
1540846682676	Marionette	DEBUG	Resetting recommended pref security.fileuri.strict_origin_policy
1540846682676	Marionette	DEBUG	Resetting recommended pref security.notification_enable_delay
1540846682676	Marionette	DEBUG	Resetting recommended pref signon.autofillForms
1540846682676	Marionette	DEBUG	Resetting recommended pref signon.rememberSignons
1540846682676	Marionette	DEBUG	Remote service is inactive
1540847519198	geckodriver	INFO	geckodriver 0.21.0
1540847519202	geckodriver	INFO	Listening on 127.0.0.1:33687
1540847520209	mozrunner::runner	INFO	Running command: "/usr/bin/firefox" "-marionette" "-foreground" "-no-remote" "-profile" "/tmp/rust_mozprofile.vK4CghSC2ALN"
1540847520687	Marionette	DEBUG	Received observer notification profile-after-change
1540847520766	Marionette	DEBUG	Received observer notification command-line-startup
1540847520766	Marionette	DEBUG	Received observer notification nsPref:changed
1540847520767	Marionette	DEBUG	Init aborted (running=false, enabled=true, finalUIStartup=false)
1540847520948	Marionette	DEBUG	Received observer notification toplevel-window-ready
1540847521469	Marionette	DEBUG	Received observer notification sessionstore-windows-restored
1540847521469	Marionette	DEBUG	Waiting for delayed startup...
1540847521665	Marionette	DEBUG	Setting recommended pref app.update.disabledForTesting to true
1540847521665	Marionette	DEBUG	Setting recommended pref security.turn_off_all_security_so_that_viruses_can_take_over_this_computer to true
1540847521666	Marionette	DEBUG	Setting recommended pref apz.content_response_timeout to 60000
1540847521667	Marionette	DEBUG	Setting recommended pref browser.download.panel.shown to true
1540847521668	Marionette	DEBUG	Setting recommended pref browser.pagethumbnails.capturing_disabled to true
1540847521669	Marionette	DEBUG	Setting recommended pref browser.search.update to false
1540847521669	Marionette	DEBUG	Setting recommended pref toolkit.cosmeticAnimations.enabled to false
1540847521671	Marionette	DEBUG	Setting recommended pref browser.tabs.disableBackgroundZombification to false
1540847521671	Marionette	DEBUG	Setting recommended pref browser.tabs.warnOnCloseOtherTabs to false
1540847521672	Marionette	DEBUG	Setting recommended pref browser.tabs.warnOnOpen to false
1540847521672	Marionette	DEBUG	Setting recommended pref browser.usedOnWindows10.introURL to 
1540847521672	Marionette	DEBUG	Setting recommended pref browser.urlbar.suggest.searches to false
1540847521675	Marionette	DEBUG	Setting recommended pref datareporting.policy.dataSubmissionPolicyAccepted to false
1540847521675	Marionette	DEBUG	Setting recommended pref dom.disable_beforeunload to true
1540847521676	Marionette	DEBUG	Setting recommended pref dom.disable_open_during_load to false
1540847521676	Marionette	DEBUG	Setting recommended pref dom.file.createInChild to true
1540847521676	Marionette	DEBUG	Setting recommended pref dom.max_chrome_script_run_time to 0
1540847521676	Marionette	DEBUG	Setting recommended pref dom.max_script_run_time to 0
1540847521678	Marionette	DEBUG	Setting recommended pref extensions.getAddons.cache.enabled to false
1540847521679	Marionette	DEBUG	Setting recommended pref extensions.webservice.discoverURL to http://%(server)s/dummy/discoveryURL
1540847521679	Marionette	DEBUG	Setting recommended pref network.http.prompt-temp-redirect to false
1540847521679	Marionette	DEBUG	Setting recommended pref network.http.speculative-parallel-limit to 0
1540847521680	Marionette	DEBUG	Setting recommended pref security.fileuri.strict_origin_policy to false
1540847521680	Marionette	DEBUG	Setting recommended pref security.notification_enable_delay to 0
1540847521680	Marionette	DEBUG	Setting recommended pref signon.autofillForms to false
1540847521680	Marionette	DEBUG	Setting recommended pref signon.rememberSignons to false
1540847521725	Marionette	INFO	Listening on port 41889
1540847521725	Marionette	DEBUG	Remote service is active
1540847521815	Marionette	DEBUG	Accepted connection 0 from 127.0.0.1:36926
1540847521816	Marionette	TRACE	0 -> [0,1,"WebDriver:NewSession",{"acceptInsecureCerts":true,"browserName":"firefox","capabilities":{"desiredCapabilities":{"acceptInsecureCerts":true,"browserName":"firefox"}}}]
1540847521816	Marionette	WARN	TLS certificate errors will be ignored for this session
1540847521849	Marionette	DEBUG	[4294967297] Frame script loaded
1540847521850	Marionette	DEBUG	[4294967297] Frame script registered
1540847521853	Marionette	TRACE	0 <- [1,1,null,{"sessionId":"0f4c6ceb-87b3-4294-8a8d-33070c8da5b1","capabilities":{"browserName":"firefox","browserVersion":"63.0" ... alse,"moz:webdriverClick":true,"capabilities":{"desiredCapabilities":{"acceptInsecureCerts":true,"browserName":"firefox"}}}}]
1540847521856	Marionette	TRACE	0 -> [0,2,"WebDriver:Navigate",{"url":"http://localhost:8000"}]
1540847521881	Marionette	DEBUG	[4294967297] Received DOM event beforeunload for about:blank
1540847521889	Marionette	DEBUG	[4294967297] Received DOM event pagehide for about:blank
1540847521900	Marionette	DEBUG	[4294967297] Received DOM event DOMContentLoaded for http://localhost:8000/
1540847521931	Marionette	DEBUG	[4294967297] Received DOM event pageshow for http://localhost:8000/
1540847521932	Marionette	TRACE	0 <- [1,2,null,{"value":null}]
1540847521935	Marionette	TRACE	0 -> [0,3,"WebDriver:GetTitle",{}]
1540847521936	Marionette	TRACE	0 <- [1,3,null,{"value":"Welcome to Django"}]
1540847521938	Marionette	TRACE	0 -> [0,4,"Marionette:Quit",{"flags":["eForceQuit"]}]
1540847521938	Marionette	INFO	Stopped listening on port 41889
JavaScript error: resource://activity-stream/lib/TopSitesFeed.jsm, line 86: TypeError: setting getter-only property "_currentSearchHostname"
1540847521983	Marionette	TRACE	0 <- [1,4,null,{"cause":"shutdown"}]
1540847522000	Marionette	TRACE	0 -> [0,5,"Marionette:Quit",{"flags":["eForceQuit"]}]
1540847522000	Marionette	TRACE	0 <- [1,5,{"error":"invalid session id","message":"Tried to run command without establishing a connection","stacktrace":"WebDriver ... et@chrome://marionette/content/server.js:245:8\n_onJSONObjectReady/<@chrome://marionette/content/transport.js:490:9\n"},null]
1540847522007	Marionette	DEBUG	Closed connection 0
[Parent 19743, Gecko_IOThread] WARNING: pipe error (75): Connection reset by peer: file /build/firefox-4VfQCB/firefox-63.0+build2/ipc/chromium/src/chrome/common/ipc_channel_posix.cc, line 356
JavaScript error: resource://gre/modules/Sqlite.jsm, line 841: Error: Connection is not open.
1540847522082	Marionette	DEBUG	Received observer notification xpcom-will-shutdown
1540847522082	Marionette	DEBUG	Resetting recommended pref app.update.disabledForTesting
1540847522082	Marionette	DEBUG	Resetting recommended pref security.turn_off_all_security_so_that_viruses_can_take_over_this_computer
1540847522082	Marionette	DEBUG	Resetting recommended pref apz.content_response_timeout
1540847522082	Marionette	DEBUG	Resetting recommended pref browser.download.panel.shown
1540847522082	Marionette	DEBUG	Resetting recommended pref browser.pagethumbnails.capturing_disabled
1540847522082	Marionette	DEBUG	Resetting recommended pref browser.search.update
1540847522082	Marionette	DEBUG	Resetting recommended pref toolkit.cosmeticAnimations.enabled
1540847522083	Marionette	DEBUG	Resetting recommended pref browser.tabs.disableBackgroundZombification
1540847522083	Marionette	DEBUG	Resetting recommended pref browser.tabs.warnOnCloseOtherTabs
1540847522083	Marionette	DEBUG	Resetting recommended pref browser.tabs.warnOnOpen
1540847522083	Marionette	DEBUG	Resetting recommended pref browser.usedOnWindows10.introURL
1540847522083	Marionette	DEBUG	Resetting recommended pref browser.urlbar.suggest.searches
1540847522083	Marionette	DEBUG	Resetting recommended pref datareporting.policy.dataSubmissionPolicyAccepted
1540847522083	Marionette	DEBUG	Resetting recommended pref dom.disable_beforeunload
1540847522083	Marionette	DEBUG	Resetting recommended pref dom.disable_open_during_load
1540847522083	Marionette	DEBUG	Resetting recommended pref dom.file.createInChild
1540847522083	Marionette	DEBUG	Resetting recommended pref dom.max_chrome_script_run_time
1540847522083	Marionette	DEBUG	Resetting recommended pref dom.max_script_run_time
1540847522084	Marionette	DEBUG	Resetting recommended pref extensions.getAddons.cache.enabled
1540847522084	Marionette	DEBUG	Resetting recommended pref extensions.webservice.discoverURL
1540847522084	Marionette	DEBUG	Resetting recommended pref network.http.prompt-temp-redirect
1540847522084	Marionette	DEBUG	Resetting recommended pref network.http.speculative-parallel-limit
1540847522084	Marionette	DEBUG	Resetting recommended pref security.fileuri.strict_origin_policy
1540847522084	Marionette	DEBUG	Resetting recommended pref security.notification_enable_delay
1540847522084	Marionette	DEBUG	Resetting recommended pref signon.autofillForms
1540847522084	Marionette	DEBUG	Resetting recommended pref signon.rememberSignons
1540847522084	Marionette	DEBUG	Remote service is inactive
1540848266785	geckodriver	INFO	geckodriver 0.21.0
1540848266789	geckodriver	INFO	Listening on 127.0.0.1:35173
1540848267799	mozrunner::runner	INFO	Running command: "/usr/bin/firefox" "-marionette" "-foreground" "-no-remote" "-profile" "/tmp/rust_mozprofile.HBnd3Btyymut"
1540848268275	Marionette	DEBUG	Received observer notification profile-after-change
1540848268327	Marionette	DEBUG	Received observer notification command-line-startup
1540848268327	Marionette	DEBUG	Received observer notification nsPref:changed
1540848268327	Marionette	DEBUG	Init aborted (running=false, enabled=true, finalUIStartup=false)
1540848268513	Marionette	DEBUG	Received observer notification toplevel-window-ready
1540848269008	Marionette	DEBUG	Received observer notification sessionstore-windows-restored
1540848269008	Marionette	DEBUG	Waiting for delayed startup...
1540848269103	Marionette	DEBUG	Setting recommended pref app.update.disabledForTesting to true
1540848269103	Marionette	DEBUG	Setting recommended pref security.turn_off_all_security_so_that_viruses_can_take_over_this_computer to true
1540848269104	Marionette	DEBUG	Setting recommended pref apz.content_response_timeout to 60000
1540848269104	Marionette	DEBUG	Setting recommended pref browser.download.panel.shown to true
1540848269104	Marionette	DEBUG	Setting recommended pref browser.pagethumbnails.capturing_disabled to true
1540848269105	Marionette	DEBUG	Setting recommended pref browser.search.update to false
1540848269105	Marionette	DEBUG	Setting recommended pref toolkit.cosmeticAnimations.enabled to false
1540848269106	Marionette	DEBUG	Setting recommended pref browser.tabs.disableBackgroundZombification to false
1540848269106	Marionette	DEBUG	Setting recommended pref browser.tabs.warnOnCloseOtherTabs to false
1540848269106	Marionette	DEBUG	Setting recommended pref browser.tabs.warnOnOpen to false
1540848269106	Marionette	DEBUG	Setting recommended pref browser.usedOnWindows10.introURL to 
1540848269106	Marionette	DEBUG	Setting recommended pref browser.urlbar.suggest.searches to false
1540848269107	Marionette	DEBUG	Setting recommended pref datareporting.policy.dataSubmissionPolicyAccepted to false
1540848269107	Marionette	DEBUG	Setting recommended pref dom.disable_beforeunload to true
1540848269107	Marionette	DEBUG	Setting recommended pref dom.disable_open_during_load to false
1540848269107	Marionette	DEBUG	Setting recommended pref dom.file.createInChild to true
1540848269108	Marionette	DEBUG	Setting recommended pref dom.max_chrome_script_run_time to 0
1540848269108	Marionette	DEBUG	Setting recommended pref dom.max_script_run_time to 0
1540848269108	Marionette	DEBUG	Setting recommended pref extensions.getAddons.cache.enabled to false
1540848269108	Marionette	DEBUG	Setting recommended pref extensions.webservice.discoverURL to http://%(server)s/dummy/discoveryURL
1540848269109	Marionette	DEBUG	Setting recommended pref network.http.prompt-temp-redirect to false
1540848269109	Marionette	DEBUG	Setting recommended pref network.http.speculative-parallel-limit to 0
1540848269109	Marionette	DEBUG	Setting recommended pref security.fileuri.strict_origin_policy to false
1540848269109	Marionette	DEBUG	Setting recommended pref security.notification_enable_delay to 0
1540848269109	Marionette	DEBUG	Setting recommended pref signon.autofillForms to false
1540848269109	Marionette	DEBUG	Setting recommended pref signon.rememberSignons to false
1540848269142	Marionette	INFO	Listening on port 33793
1540848269142	Marionette	DEBUG	Remote service is active
1540848269204	Marionette	DEBUG	Accepted connection 0 from 127.0.0.1:53090
1540848269205	Marionette	TRACE	0 -> [0,1,"WebDriver:NewSession",{"acceptInsecureCerts":true,"browserName":"firefox","capabilities":{"desiredCapabilities":{"acceptInsecureCerts":true,"browserName":"firefox"}}}]
1540848269205	Marionette	WARN	TLS certificate errors will be ignored for this session
1540848269238	Marionette	DEBUG	[4294967297] Frame script loaded
1540848269241	Marionette	DEBUG	[4294967297] Frame script registered
1540848269244	Marionette	TRACE	0 <- [1,1,null,{"sessionId":"55dad0f6-c9d9-44b7-80fa-d96c05a2b207","capabilities":{"browserName":"firefox","browserVersion":"63.0" ... alse,"moz:webdriverClick":true,"capabilities":{"desiredCapabilities":{"acceptInsecureCerts":true,"browserName":"firefox"}}}}]
1540848269247	Marionette	TRACE	0 -> [0,2,"WebDriver:Navigate",{"url":"http://localhost:8000"}]
1540848269255	Marionette	DEBUG	[4294967297] Received DOM event beforeunload for about:blank
1540848269262	Marionette	DEBUG	[4294967297] Received DOM event pagehide for about:blank
1540848269276	Marionette	DEBUG	[4294967297] Received DOM event DOMContentLoaded for http://localhost:8000/
1540848269308	Marionette	DEBUG	[4294967297] Received DOM event pageshow for http://localhost:8000/
1540848269309	Marionette	TRACE	0 <- [1,2,null,{"value":null}]
1540848269316	Marionette	TRACE	0 -> [0,3,"WebDriver:GetTitle",{}]
1540848269317	Marionette	TRACE	0 <- [1,3,null,{"value":"Welcome to Django"}]
1540848269319	Marionette	TRACE	0 -> [0,4,"Marionette:Quit",{"flags":["eForceQuit"]}]
1540848269320	Marionette	INFO	Stopped listening on port 33793
JavaScript error: resource://activity-stream/lib/TopSitesFeed.jsm, line 86: TypeError: setting getter-only property "_currentSearchHostname"
1540848269357	Marionette	TRACE	0 <- [1,4,null,{"cause":"shutdown"}]
1540848269374	Marionette	TRACE	0 -> [0,5,"Marionette:Quit",{"flags":["eForceQuit"]}]
1540848269375	Marionette	TRACE	0 <- [1,5,{"error":"invalid session id","message":"Tried to run command without establishing a connection","stacktrace":"WebDriver ... et@chrome://marionette/content/server.js:245:8\n_onJSONObjectReady/<@chrome://marionette/content/transport.js:490:9\n"},null]
1540848269381	Marionette	DEBUG	Closed connection 0
[Parent 23167, Gecko_IOThread] WARNING: pipe error (75): Connection reset by peer: file /build/firefox-4VfQCB/firefox-63.0+build2/ipc/chromium/src/chrome/common/ipc_channel_posix.cc, line 356
JavaScript error: resource://gre/modules/Sqlite.jsm, line 841: Error: Connection is not open.
1540848269452	Marionette	DEBUG	Received observer notification xpcom-will-shutdown
1540848269452	Marionette	DEBUG	Resetting recommended pref app.update.disabledForTesting
1540848269452	Marionette	DEBUG	Resetting recommended pref security.turn_off_all_security_so_that_viruses_can_take_over_this_computer
1540848269452	Marionette	DEBUG	Resetting recommended pref apz.content_response_timeout
1540848269452	Marionette	DEBUG	Resetting recommended pref browser.download.panel.shown
1540848269452	Marionette	DEBUG	Resetting recommended pref browser.pagethumbnails.capturing_disabled
1540848269453	Marionette	DEBUG	Resetting recommended pref browser.search.update
1540848269453	Marionette	DEBUG	Resetting recommended pref toolkit.cosmeticAnimations.enabled
1540848269453	Marionette	DEBUG	Resetting recommended pref browser.tabs.disableBackgroundZombification
1540848269453	Marionette	DEBUG	Resetting recommended pref browser.tabs.warnOnCloseOtherTabs
1540848269453	Marionette	DEBUG	Resetting recommended pref browser.tabs.warnOnOpen
1540848269453	Marionette	DEBUG	Resetting recommended pref browser.usedOnWindows10.introURL
1540848269453	Marionette	DEBUG	Resetting recommended pref browser.urlbar.suggest.searches
1540848269453	Marionette	DEBUG	Resetting recommended pref datareporting.policy.dataSubmissionPolicyAccepted
1540848269454	Marionette	DEBUG	Resetting recommended pref dom.disable_beforeunload
1540848269454	Marionette	DEBUG	Resetting recommended pref dom.disable_open_during_load
1540848269454	Marionette	DEBUG	Resetting recommended pref dom.file.createInChild
1540848269454	Marionette	DEBUG	Resetting recommended pref dom.max_chrome_script_run_time
1540848269454	Marionette	DEBUG	Resetting recommended pref dom.max_script_run_time
1540848269454	Marionette	DEBUG	Resetting recommended pref extensions.getAddons.cache.enabled
1540848269454	Marionette	DEBUG	Resetting recommended pref extensions.webservice.discoverURL
1540848269454	Marionette	DEBUG	Resetting recommended pref network.http.prompt-temp-redirect
1540848269454	Marionette	DEBUG	Resetting recommended pref network.http.speculative-parallel-limit
1540848269454	Marionette	DEBUG	Resetting recommended pref security.fileuri.strict_origin_policy
1540848269454	Marionette	DEBUG	Resetting recommended pref security.notification_enable_delay
1540848269454	Marionette	DEBUG	Resetting recommended pref signon.autofillForms
1540848269454	Marionette	DEBUG	Resetting recommended pref signon.rememberSignons
1540848269454	Marionette	DEBUG	Remote service is inactive
1540882279561	geckodriver	INFO	geckodriver 0.21.0
1540882279568	geckodriver	INFO	Listening on 127.0.0.1:35253
1540882280570	mozrunner::runner	INFO	Running command: "/usr/bin/firefox" "-marionette" "-foreground" "-no-remote" "-profile" "/tmp/rust_mozprofile.tps0cITAlJ39"
1540882281023	Marionette	DEBUG	Received observer notification profile-after-change
1540882281098	Marionette	DEBUG	Received observer notification command-line-startup
1540882281099	Marionette	DEBUG	Received observer notification nsPref:changed
1540882281099	Marionette	DEBUG	Init aborted (running=false, enabled=true, finalUIStartup=false)
1540882281303	Marionette	DEBUG	Received observer notification toplevel-window-ready
1540882281829	Marionette	DEBUG	Received observer notification sessionstore-windows-restored
1540882281829	Marionette	DEBUG	Waiting for delayed startup...
1540882282023	Marionette	DEBUG	Setting recommended pref app.update.disabledForTesting to true
1540882282023	Marionette	DEBUG	Setting recommended pref security.turn_off_all_security_so_that_viruses_can_take_over_this_computer to true
1540882282024	Marionette	DEBUG	Setting recommended pref apz.content_response_timeout to 60000
1540882282025	Marionette	DEBUG	Setting recommended pref browser.download.panel.shown to true
1540882282026	Marionette	DEBUG	Setting recommended pref browser.pagethumbnails.capturing_disabled to true
1540882282027	Marionette	DEBUG	Setting recommended pref browser.search.update to false
1540882282028	Marionette	DEBUG	Setting recommended pref toolkit.cosmeticAnimations.enabled to false
1540882282030	Marionette	DEBUG	Setting recommended pref browser.tabs.disableBackgroundZombification to false
1540882282031	Marionette	DEBUG	Setting recommended pref browser.tabs.warnOnCloseOtherTabs to false
1540882282031	Marionette	DEBUG	Setting recommended pref browser.tabs.warnOnOpen to false
1540882282031	Marionette	DEBUG	Setting recommended pref browser.usedOnWindows10.introURL to 
1540882282032	Marionette	DEBUG	Setting recommended pref browser.urlbar.suggest.searches to false
1540882282034	Marionette	DEBUG	Setting recommended pref datareporting.policy.dataSubmissionPolicyAccepted to false
1540882282035	Marionette	DEBUG	Setting recommended pref dom.disable_beforeunload to true
1540882282035	Marionette	DEBUG	Setting recommended pref dom.disable_open_during_load to false
1540882282035	Marionette	DEBUG	Setting recommended pref dom.file.createInChild to true
1540882282036	Marionette	DEBUG	Setting recommended pref dom.max_chrome_script_run_time to 0
1540882282036	Marionette	DEBUG	Setting recommended pref dom.max_script_run_time to 0
1540882282038	Marionette	DEBUG	Setting recommended pref extensions.getAddons.cache.enabled to false
1540882282038	Marionette	DEBUG	Setting recommended pref extensions.webservice.discoverURL to http://%(server)s/dummy/discoveryURL
1540882282039	Marionette	DEBUG	Setting recommended pref network.http.prompt-temp-redirect to false
1540882282039	Marionette	DEBUG	Setting recommended pref network.http.speculative-parallel-limit to 0
1540882282039	Marionette	DEBUG	Setting recommended pref security.fileuri.strict_origin_policy to false
1540882282040	Marionette	DEBUG	Setting recommended pref security.notification_enable_delay to 0
1540882282040	Marionette	DEBUG	Setting recommended pref signon.autofillForms to false
1540882282040	Marionette	DEBUG	Setting recommended pref signon.rememberSignons to false
1540882282086	Marionette	INFO	Listening on port 46715
1540882282086	Marionette	DEBUG	Remote service is active
1540882282176	Marionette	DEBUG	Accepted connection 0 from 127.0.0.1:49534
1540882282178	Marionette	TRACE	0 -> [0,1,"WebDriver:NewSession",{"acceptInsecureCerts":true,"browserName":"firefox","capabilities":{"desiredCapabilities":{"acceptInsecureCerts":true,"browserName":"firefox"}}}]
1540882282180	Marionette	WARN	TLS certificate errors will be ignored for this session
1540882282239	Marionette	DEBUG	[4294967297] Frame script loaded
1540882282240	Marionette	DEBUG	[4294967297] Frame script registered
1540882282244	Marionette	TRACE	0 <- [1,1,null,{"sessionId":"04841933-f69e-4b08-b24b-e2b59094d239","capabilities":{"browserName":"firefox","browserVersion":"63.0" ... alse,"moz:webdriverClick":true,"capabilities":{"desiredCapabilities":{"acceptInsecureCerts":true,"browserName":"firefox"}}}}]
1540882282246	Marionette	TRACE	0 -> [0,2,"WebDriver:Navigate",{"url":"http://localhost:8000"}]
1540882282280	Marionette	DEBUG	[4294967297] Received DOM event beforeunload for about:blank
1540882282294	Marionette	DEBUG	[4294967297] Received DOM event pagehide for about:blank
1540882282306	Marionette	DEBUG	[4294967297] Received DOM event DOMContentLoaded for http://localhost:8000/
1540882282336	Marionette	DEBUG	[4294967297] Received DOM event pageshow for http://localhost:8000/
1540882282342	Marionette	TRACE	0 <- [1,2,null,{"value":null}]
1540882282345	Marionette	TRACE	0 -> [0,3,"WebDriver:GetTitle",{}]
1540882282345	Marionette	TRACE	0 <- [1,3,null,{"value":"To-Do Lists"}]
1540882282347	Marionette	TRACE	0 -> [0,4,"WebDriver:FindElement",{"using":"css selector","value":"h1"}]
1540882282352	Marionette	TRACE	0 <- [1,4,{"error":"no such element","message":"Unable to locate element: h1","stacktrace":"WebDriverError@chrome://marionette/con ... entError@chrome://marionette/content/error.js:388:5\nelement.find/</<@chrome://marionette/content/element.js:339:16\n"},null]
1540882282354	Marionette	TRACE	0 -> [0,5,"Marionette:Quit",{"flags":["eForceQuit"]}]
1540882282354	Marionette	INFO	Stopped listening on port 46715
JavaScript error: resource://activity-stream/lib/TopSitesFeed.jsm, line 86: TypeError: setting getter-only property "_currentSearchHostname"
1540882282413	Marionette	TRACE	0 <- [1,5,null,{"cause":"shutdown"}]
1540882282430	Marionette	TRACE	0 -> [0,6,"Marionette:Quit",{"flags":["eForceQuit"]}]
1540882282430	Marionette	TRACE	0 <- [1,6,{"error":"invalid session id","message":"Tried to run command without establishing a connection","stacktrace":"WebDriver ... et@chrome://marionette/content/server.js:245:8\n_onJSONObjectReady/<@chrome://marionette/content/transport.js:490:9\n"},null]
1540882282438	Marionette	DEBUG	Closed connection 0
[Parent 7357, Gecko_IOThread] WARNING: pipe error (75): Connection reset by peer: file /build/firefox-4VfQCB/firefox-63.0+build2/ipc/chromium/src/chrome/common/ipc_channel_posix.cc, line 356
JavaScript error: resource://gre/modules/IndexedDB.jsm, line 349: UnknownError: The operation failed for reasons unrelated to the database itself and not covered by any other error code.
JavaScript error: resource://gre/modules/Sqlite.jsm, line 841: Error: Connection is not open.
1540882282513	Marionette	DEBUG	Received observer notification xpcom-will-shutdown
1540882282513	Marionette	DEBUG	Resetting recommended pref app.update.disabledForTesting
1540882282513	Marionette	DEBUG	Resetting recommended pref security.turn_off_all_security_so_that_viruses_can_take_over_this_computer
1540882282513	Marionette	DEBUG	Resetting recommended pref apz.content_response_timeout
1540882282513	Marionette	DEBUG	Resetting recommended pref browser.download.panel.shown
1540882282513	Marionette	DEBUG	Resetting recommended pref browser.pagethumbnails.capturing_disabled
1540882282513	Marionette	DEBUG	Resetting recommended pref browser.search.update
1540882282513	Marionette	DEBUG	Resetting recommended pref toolkit.cosmeticAnimations.enabled
1540882282514	Marionette	DEBUG	Resetting recommended pref browser.tabs.disableBackgroundZombification
1540882282514	Marionette	DEBUG	Resetting recommended pref browser.tabs.warnOnCloseOtherTabs
1540882282514	Marionette	DEBUG	Resetting recommended pref browser.tabs.warnOnOpen
1540882282514	Marionette	DEBUG	Resetting recommended pref browser.usedOnWindows10.introURL
1540882282514	Marionette	DEBUG	Resetting recommended pref browser.urlbar.suggest.searches
1540882282514	Marionette	DEBUG	Resetting recommended pref datareporting.policy.dataSubmissionPolicyAccepted
1540882282514	Marionette	DEBUG	Resetting recommended pref dom.disable_beforeunload
1540882282514	Marionette	DEBUG	Resetting recommended pref dom.disable_open_during_load
1540882282514	Marionette	DEBUG	Resetting recommended pref dom.file.createInChild
1540882282514	Marionette	DEBUG	Resetting recommended pref dom.max_chrome_script_run_time
1540882282514	Marionette	DEBUG	Resetting recommended pref dom.max_script_run_time
1540882282515	Marionette	DEBUG	Resetting recommended pref extensions.getAddons.cache.enabled
1540882282515	Marionette	DEBUG	Resetting recommended pref extensions.webservice.discoverURL
1540882282515	Marionette	DEBUG	Resetting recommended pref network.http.prompt-temp-redirect
1540882282515	Marionette	DEBUG	Resetting recommended pref network.http.speculative-parallel-limit
1540882282515	Marionette	DEBUG	Resetting recommended pref security.fileuri.strict_origin_policy
1540882282515	Marionette	DEBUG	Resetting recommended pref security.notification_enable_delay
1540882282515	Marionette	DEBUG	Resetting recommended pref signon.autofillForms
1540882282515	Marionette	DEBUG	Resetting recommended pref signon.rememberSignons
1540882282515	Marionette	DEBUG	Remote service is inactive
1540882343981	geckodriver	INFO	geckodriver 0.21.0
1540882343984	geckodriver	INFO	Listening on 127.0.0.1:52655
1540882344993	mozrunner::runner	INFO	Running command: "/usr/bin/firefox" "-marionette" "-foreground" "-no-remote" "-profile" "/tmp/rust_mozprofile.A0uNbR8WtlUD"
1540882345441	Marionette	DEBUG	Received observer notification profile-after-change
1540882345503	Marionette	DEBUG	Received observer notification command-line-startup
1540882345504	Marionette	DEBUG	Received observer notification nsPref:changed
1540882345504	Marionette	DEBUG	Init aborted (running=false, enabled=true, finalUIStartup=false)
1540882345682	Marionette	DEBUG	Received observer notification toplevel-window-ready
1540882346203	Marionette	DEBUG	Received observer notification sessionstore-windows-restored
1540882346203	Marionette	DEBUG	Waiting for delayed startup...
1540882346291	Marionette	DEBUG	Setting recommended pref app.update.disabledForTesting to true
1540882346291	Marionette	DEBUG	Setting recommended pref security.turn_off_all_security_so_that_viruses_can_take_over_this_computer to true
1540882346291	Marionette	DEBUG	Setting recommended pref apz.content_response_timeout to 60000
1540882346292	Marionette	DEBUG	Setting recommended pref browser.download.panel.shown to true
1540882346292	Marionette	DEBUG	Setting recommended pref browser.pagethumbnails.capturing_disabled to true
1540882346293	Marionette	DEBUG	Setting recommended pref browser.search.update to false
1540882346293	Marionette	DEBUG	Setting recommended pref toolkit.cosmeticAnimations.enabled to false
1540882346293	Marionette	DEBUG	Setting recommended pref browser.tabs.disableBackgroundZombification to false
1540882346293	Marionette	DEBUG	Setting recommended pref browser.tabs.warnOnCloseOtherTabs to false
1540882346293	Marionette	DEBUG	Setting recommended pref browser.tabs.warnOnOpen to false
1540882346293	Marionette	DEBUG	Setting recommended pref browser.usedOnWindows10.introURL to 
1540882346293	Marionette	DEBUG	Setting recommended pref browser.urlbar.suggest.searches to false
1540882346294	Marionette	DEBUG	Setting recommended pref datareporting.policy.dataSubmissionPolicyAccepted to false
1540882346294	Marionette	DEBUG	Setting recommended pref dom.disable_beforeunload to true
1540882346294	Marionette	DEBUG	Setting recommended pref dom.disable_open_during_load to false
1540882346294	Marionette	DEBUG	Setting recommended pref dom.file.createInChild to true
1540882346294	Marionette	DEBUG	Setting recommended pref dom.max_chrome_script_run_time to 0
1540882346294	Marionette	DEBUG	Setting recommended pref dom.max_script_run_time to 0
1540882346294	Marionette	DEBUG	Setting recommended pref extensions.getAddons.cache.enabled to false
1540882346294	Marionette	DEBUG	Setting recommended pref extensions.webservice.discoverURL to http://%(server)s/dummy/discoveryURL
1540882346294	Marionette	DEBUG	Setting recommended pref network.http.prompt-temp-redirect to false
1540882346294	Marionette	DEBUG	Setting recommended pref network.http.speculative-parallel-limit to 0
1540882346295	Marionette	DEBUG	Setting recommended pref security.fileuri.strict_origin_policy to false
1540882346295	Marionette	DEBUG	Setting recommended pref security.notification_enable_delay to 0
1540882346295	Marionette	DEBUG	Setting recommended pref signon.autofillForms to false
1540882346295	Marionette	DEBUG	Setting recommended pref signon.rememberSignons to false
1540882346327	Marionette	INFO	Listening on port 34823
1540882346327	Marionette	DEBUG	Remote service is active
1540882346398	Marionette	DEBUG	Accepted connection 0 from 127.0.0.1:57228
1540882346399	Marionette	TRACE	0 -> [0,1,"WebDriver:NewSession",{"acceptInsecureCerts":true,"browserName":"firefox","capabilities":{"desiredCapabilities":{"acceptInsecureCerts":true,"browserName":"firefox"}}}]
1540882346400	Marionette	WARN	TLS certificate errors will be ignored for this session
1540882346443	Marionette	DEBUG	[4294967297] Frame script loaded
1540882346448	Marionette	DEBUG	[4294967297] Frame script registered
1540882346452	Marionette	TRACE	0 <- [1,1,null,{"sessionId":"6660d325-76f3-4e90-b63e-4d78193a43df","capabilities":{"browserName":"firefox","browserVersion":"63.0" ... alse,"moz:webdriverClick":true,"capabilities":{"desiredCapabilities":{"acceptInsecureCerts":true,"browserName":"firefox"}}}}]
1540882346457	Marionette	TRACE	0 -> [0,2,"WebDriver:Navigate",{"url":"http://localhost:8000"}]
1540882346465	Marionette	DEBUG	[4294967297] Received DOM event beforeunload for about:blank
1540882346478	Marionette	DEBUG	[4294967297] Received DOM event pagehide for about:blank
1540882346488	Marionette	DEBUG	[4294967297] Received DOM event DOMContentLoaded for http://localhost:8000/
1540882346515	Marionette	DEBUG	[4294967297] Received DOM event pageshow for http://localhost:8000/
1540882346519	Marionette	TRACE	0 <- [1,2,null,{"value":null}]
1540882346526	Marionette	TRACE	0 -> [0,3,"WebDriver:GetTitle",{}]
1540882346526	Marionette	TRACE	0 <- [1,3,null,{"value":"To-Do Lists"}]
1540882346529	Marionette	TRACE	0 -> [0,4,"WebDriver:FindElement",{"using":"css selector","value":"h1"}]
1540882346532	Marionette	TRACE	0 <- [1,4,null,{"value":{"element-6066-11e4-a52e-4f735466cecf":"f27b2a19-2a5e-4965-80e7-6b02b833c811"}}]
1540882346535	Marionette	TRACE	0 -> [0,5,"WebDriver:GetElementText",{"id":"f27b2a19-2a5e-4965-80e7-6b02b833c811"}]
1540882346544	Marionette	TRACE	0 <- [1,5,null,{"value":"balls"}]
1540882346547	Marionette	TRACE	0 -> [0,6,"Marionette:Quit",{"flags":["eForceQuit"]}]
1540882346547	Marionette	INFO	Stopped listening on port 34823
JavaScript error: resource://activity-stream/lib/TopSitesFeed.jsm, line 86: TypeError: setting getter-only property "_currentSearchHostname"
1540882346584	Marionette	TRACE	0 <- [1,6,null,{"cause":"shutdown"}]
1540882346599	Marionette	TRACE	0 -> [0,7,"Marionette:Quit",{"flags":["eForceQuit"]}]
1540882346600	Marionette	TRACE	0 <- [1,7,{"error":"invalid session id","message":"Tried to run command without establishing a connection","stacktrace":"WebDriver ... et@chrome://marionette/content/server.js:245:8\n_onJSONObjectReady/<@chrome://marionette/content/transport.js:490:9\n"},null]
1540882346608	Marionette	DEBUG	Closed connection 0
[Parent 7701, Gecko_IOThread] WARNING: pipe error (75): Connection reset by peer: file /build/firefox-4VfQCB/firefox-63.0+build2/ipc/chromium/src/chrome/common/ipc_channel_posix.cc, line 356
JavaScript error: resource://gre/modules/Sqlite.jsm, line 841: Error: Connection is not open.
JavaScript error: resource://gre/modules/IndexedDB.jsm, line 349: UnknownError: The operation failed for reasons unrelated to the database itself and not covered by any other error code.
1540882346682	Marionette	DEBUG	Received observer notification xpcom-will-shutdown
1540882346682	Marionette	DEBUG	Resetting recommended pref app.update.disabledForTesting
1540882346682	Marionette	DEBUG	Resetting recommended pref security.turn_off_all_security_so_that_viruses_can_take_over_this_computer
1540882346682	Marionette	DEBUG	Resetting recommended pref apz.content_response_timeout
1540882346682	Marionette	DEBUG	Resetting recommended pref browser.download.panel.shown
1540882346682	Marionette	DEBUG	Resetting recommended pref browser.pagethumbnails.capturing_disabled
1540882346682	Marionette	DEBUG	Resetting recommended pref browser.search.update
1540882346682	Marionette	DEBUG	Resetting recommended pref toolkit.cosmeticAnimations.enabled
1540882346683	Marionette	DEBUG	Resetting recommended pref browser.tabs.disableBackgroundZombification
1540882346683	Marionette	DEBUG	Resetting recommended pref browser.tabs.warnOnCloseOtherTabs
1540882346683	Marionette	DEBUG	Resetting recommended pref browser.tabs.warnOnOpen
1540882346683	Marionette	DEBUG	Resetting recommended pref browser.usedOnWindows10.introURL
1540882346683	Marionette	DEBUG	Resetting recommended pref browser.urlbar.suggest.searches
1540882346683	Marionette	DEBUG	Resetting recommended pref datareporting.policy.dataSubmissionPolicyAccepted
1540882346683	Marionette	DEBUG	Resetting recommended pref dom.disable_beforeunload
1540882346683	Marionette	DEBUG	Resetting recommended pref dom.disable_open_during_load
1540882346683	Marionette	DEBUG	Resetting recommended pref dom.file.createInChild
1540882346683	Marionette	DEBUG	Resetting recommended pref dom.max_chrome_script_run_time
1540882346683	Marionette	DEBUG	Resetting recommended pref dom.max_script_run_time
1540882346684	Marionette	DEBUG	Resetting recommended pref extensions.getAddons.cache.enabled
1540882346684	Marionette	DEBUG	Resetting recommended pref extensions.webservice.discoverURL
1540882346684	Marionette	DEBUG	Resetting recommended pref network.http.prompt-temp-redirect
1540882346684	Marionette	DEBUG	Resetting recommended pref network.http.speculative-parallel-limit
1540882346684	Marionette	DEBUG	Resetting recommended pref security.fileuri.strict_origin_policy
1540882346684	Marionette	DEBUG	Resetting recommended pref security.notification_enable_delay
1540882346684	Marionette	DEBUG	Resetting recommended pref signon.autofillForms
1540882346684	Marionette	DEBUG	Resetting recommended pref signon.rememberSignons
1540882346684	Marionette	DEBUG	Remote service is inactive
1540882372158	geckodriver	INFO	geckodriver 0.21.0
1540882372162	geckodriver	INFO	Listening on 127.0.0.1:45373
1540882373170	mozrunner::runner	INFO	Running command: "/usr/bin/firefox" "-marionette" "-foreground" "-no-remote" "-profile" "/tmp/rust_mozprofile.CDa75kL7bxWN"
1540882373633	Marionette	DEBUG	Received observer notification profile-after-change
1540882373722	Marionette	DEBUG	Received observer notification command-line-startup
1540882373722	Marionette	DEBUG	Received observer notification nsPref:changed
1540882373722	Marionette	DEBUG	Init aborted (running=false, enabled=true, finalUIStartup=false)
1540882373890	Marionette	DEBUG	Received observer notification toplevel-window-ready
1540882374412	Marionette	DEBUG	Received observer notification sessionstore-windows-restored
1540882374413	Marionette	DEBUG	Waiting for delayed startup...
1540882374513	Marionette	DEBUG	Setting recommended pref app.update.disabledForTesting to true
1540882374513	Marionette	DEBUG	Setting recommended pref security.turn_off_all_security_so_that_viruses_can_take_over_this_computer to true
1540882374513	Marionette	DEBUG	Setting recommended pref apz.content_response_timeout to 60000
1540882374513	Marionette	DEBUG	Setting recommended pref browser.download.panel.shown to true
1540882374514	Marionette	DEBUG	Setting recommended pref browser.pagethumbnails.capturing_disabled to true
1540882374514	Marionette	DEBUG	Setting recommended pref browser.search.update to false
1540882374514	Marionette	DEBUG	Setting recommended pref toolkit.cosmeticAnimations.enabled to false
1540882374514	Marionette	DEBUG	Setting recommended pref browser.tabs.disableBackgroundZombification to false
1540882374514	Marionette	DEBUG	Setting recommended pref browser.tabs.warnOnCloseOtherTabs to false
1540882374514	Marionette	DEBUG	Setting recommended pref browser.tabs.warnOnOpen to false
1540882374515	Marionette	DEBUG	Setting recommended pref browser.usedOnWindows10.introURL to 
1540882374515	Marionette	DEBUG	Setting recommended pref browser.urlbar.suggest.searches to false
1540882374515	Marionette	DEBUG	Setting recommended pref datareporting.policy.dataSubmissionPolicyAccepted to false
1540882374515	Marionette	DEBUG	Setting recommended pref dom.disable_beforeunload to true
1540882374515	Marionette	DEBUG	Setting recommended pref dom.disable_open_during_load to false
1540882374515	Marionette	DEBUG	Setting recommended pref dom.file.createInChild to true
1540882374515	Marionette	DEBUG	Setting recommended pref dom.max_chrome_script_run_time to 0
1540882374515	Marionette	DEBUG	Setting recommended pref dom.max_script_run_time to 0
1540882374515	Marionette	DEBUG	Setting recommended pref extensions.getAddons.cache.enabled to false
1540882374515	Marionette	DEBUG	Setting recommended pref extensions.webservice.discoverURL to http://%(server)s/dummy/discoveryURL
1540882374516	Marionette	DEBUG	Setting recommended pref network.http.prompt-temp-redirect to false
1540882374516	Marionette	DEBUG	Setting recommended pref network.http.speculative-parallel-limit to 0
1540882374516	Marionette	DEBUG	Setting recommended pref security.fileuri.strict_origin_policy to false
1540882374516	Marionette	DEBUG	Setting recommended pref security.notification_enable_delay to 0
1540882374516	Marionette	DEBUG	Setting recommended pref signon.autofillForms to false
1540882374516	Marionette	DEBUG	Setting recommended pref signon.rememberSignons to false
1540882374552	Marionette	INFO	Listening on port 40757
1540882374552	Marionette	DEBUG	Remote service is active
1540882374576	Marionette	DEBUG	Accepted connection 0 from 127.0.0.1:37048
1540882374592	Marionette	TRACE	0 -> [0,1,"WebDriver:NewSession",{"acceptInsecureCerts":true,"browserName":"firefox","capabilities":{"desiredCapabilities":{"acceptInsecureCerts":true,"browserName":"firefox"}}}]
1540882374592	Marionette	WARN	TLS certificate errors will be ignored for this session
1540882374642	Marionette	DEBUG	[4294967297] Frame script loaded
1540882374643	Marionette	DEBUG	[4294967297] Frame script registered
1540882374648	Marionette	TRACE	0 <- [1,1,null,{"sessionId":"ec97e9f3-af7d-43af-802a-de91a3ba723a","capabilities":{"browserName":"firefox","browserVersion":"63.0" ... alse,"moz:webdriverClick":true,"capabilities":{"desiredCapabilities":{"acceptInsecureCerts":true,"browserName":"firefox"}}}}]
1540882374651	Marionette	TRACE	0 -> [0,2,"WebDriver:Navigate",{"url":"http://localhost:8000"}]
1540882374659	Marionette	DEBUG	[4294967297] Received DOM event beforeunload for about:blank
1540882374669	Marionette	DEBUG	[4294967297] Received DOM event pagehide for about:blank
1540882374679	Marionette	DEBUG	[4294967297] Received DOM event DOMContentLoaded for http://localhost:8000/
1540882374709	Marionette	DEBUG	[4294967297] Received DOM event pageshow for http://localhost:8000/
1540882374714	Marionette	TRACE	0 <- [1,2,null,{"value":null}]
1540882374718	Marionette	TRACE	0 -> [0,3,"WebDriver:GetTitle",{}]
1540882374718	Marionette	TRACE	0 <- [1,3,null,{"value":"To-Do Lists"}]
1540882374723	Marionette	TRACE	0 -> [0,4,"WebDriver:FindElement",{"using":"css selector","value":"h1"}]
1540882374727	Marionette	TRACE	0 <- [1,4,null,{"value":{"element-6066-11e4-a52e-4f735466cecf":"74833372-4208-41a5-8c1a-7f19d94a1d59"}}]
1540882374734	Marionette	TRACE	0 -> [0,5,"WebDriver:GetElementText",{"id":"74833372-4208-41a5-8c1a-7f19d94a1d59"}]
1540882374745	Marionette	TRACE	0 <- [1,5,null,{"value":"To-Do"}]
1540882374750	Marionette	TRACE	0 -> [0,6,"Marionette:Quit",{"flags":["eForceQuit"]}]
1540882374751	Marionette	INFO	Stopped listening on port 40757
JavaScript error: resource://activity-stream/lib/TopSitesFeed.jsm, line 86: TypeError: setting getter-only property "_currentSearchHostname"
1540882374789	Marionette	TRACE	0 <- [1,6,null,{"cause":"shutdown"}]
1540882374809	Marionette	TRACE	0 -> [0,7,"Marionette:Quit",{"flags":["eForceQuit"]}]
1540882374810	Marionette	TRACE	0 <- [1,7,{"error":"invalid session id","message":"Tried to run command without establishing a connection","stacktrace":"WebDriver ... et@chrome://marionette/content/server.js:245:8\n_onJSONObjectReady/<@chrome://marionette/content/transport.js:490:9\n"},null]
1540882374818	Marionette	DEBUG	Closed connection 0
[Parent 8004, Gecko_IOThread] WARNING: pipe error (75): Connection reset by peer: file /build/firefox-4VfQCB/firefox-63.0+build2/ipc/chromium/src/chrome/common/ipc_channel_posix.cc, line 356
JavaScript error: resource://gre/modules/Sqlite.jsm, line 841: Error: Connection is not open.
1540882374890	Marionette	DEBUG	Received observer notification xpcom-will-shutdown
1540882374890	Marionette	DEBUG	Resetting recommended pref app.update.disabledForTesting
1540882374890	Marionette	DEBUG	Resetting recommended pref security.turn_off_all_security_so_that_viruses_can_take_over_this_computer
1540882374890	Marionette	DEBUG	Resetting recommended pref apz.content_response_timeout
1540882374890	Marionette	DEBUG	Resetting recommended pref browser.download.panel.shown
1540882374890	Marionette	DEBUG	Resetting recommended pref browser.pagethumbnails.capturing_disabled
1540882374890	Marionette	DEBUG	Resetting recommended pref browser.search.update
1540882374890	Marionette	DEBUG	Resetting recommended pref toolkit.cosmeticAnimations.enabled
1540882374890	Marionette	DEBUG	Resetting recommended pref browser.tabs.disableBackgroundZombification
1540882374890	Marionette	DEBUG	Resetting recommended pref browser.tabs.warnOnCloseOtherTabs
1540882374891	Marionette	DEBUG	Resetting recommended pref browser.tabs.warnOnOpen
1540882374891	Marionette	DEBUG	Resetting recommended pref browser.usedOnWindows10.introURL
1540882374891	Marionette	DEBUG	Resetting recommended pref browser.urlbar.suggest.searches
1540882374891	Marionette	DEBUG	Resetting recommended pref datareporting.policy.dataSubmissionPolicyAccepted
1540882374891	Marionette	DEBUG	Resetting recommended pref dom.disable_beforeunload
1540882374891	Marionette	DEBUG	Resetting recommended pref dom.disable_open_during_load
1540882374891	Marionette	DEBUG	Resetting recommended pref dom.file.createInChild
1540882374891	Marionette	DEBUG	Resetting recommended pref dom.max_chrome_script_run_time
1540882374891	Marionette	DEBUG	Resetting recommended pref dom.max_script_run_time
1540882374893	Marionette	DEBUG	Resetting recommended pref extensions.getAddons.cache.enabled
1540882374893	Marionette	DEBUG	Resetting recommended pref extensions.webservice.discoverURL
1540882374893	Marionette	DEBUG	Resetting recommended pref network.http.prompt-temp-redirect
1540882374893	Marionette	DEBUG	Resetting recommended pref network.http.speculative-parallel-limit
1540882374893	Marionette	DEBUG	Resetting recommended pref security.fileuri.strict_origin_policy
1540882374893	Marionette	DEBUG	Resetting recommended pref security.notification_enable_delay
1540882374893	Marionette	DEBUG	Resetting recommended pref signon.autofillForms
1540882374894	Marionette	DEBUG	Resetting recommended pref signon.rememberSignons
1540882374894	Marionette	DEBUG	Remote service is inactive
